<html xmlns:math="http://exslt.org/math" xmlns:testng="http://testng.org">
   <head>
      <title>TestNG Results</title>
      <meta http-equiv="content-type" content="text/html; charset=utf-8"></meta>
      <meta http-equiv="pragma" content="no-cache"></meta>
      <meta http-equiv="cache-control" content="max-age=0"></meta>
      <meta http-equiv="cache-control" content="no-cache"></meta>
      <meta http-equiv="cache-control" content="no-store"></meta>
      <LINK rel="stylesheet" href="style.css"></LINK>
      <script type="text/javascript" src="main.js"></script>
   </head>
   <body>
      <table width="100%" style="font-size: 16px; margin-bottom: 10px;" cellspacing="1">
         <tr>
            <td width="100%">
               Test case
               
               <b>LeadTest</b>
            </td>
            <td style="background-color: #FFBBBB; padding: 3px 3px 3px 0;" align="center">
               <div style="width: 50px;">0</div>
            </td>
            <td style="background-color: lightgreen; padding: 3px 3px 3px 0;" align="center">
               <div style="width: 50px;">0</div>
            </td>
            <td style="background-color: #FFFFBB; padding: 3px 3px 3px 0;" align="center">
               <div style="width: 50px;">10</div>
            </td>
            <td align="center" style="background-color: #eaf0f7; padding: 3px 3px 3px 0;">
               <div style="width: 50px;">10</div>
            </td>
            <td align="center"
                style="font-weight: bold; background-color: #eaf0f7; padding: 3px 3px 3px 0;">
               <div style="width: 50px;">0%</div>
            </td>
            <td style="background-color: #eaf0f7; padding: 3px 3px 3px 0;" align="center"
                nowrap="true">340 ms
               
            </td>
         </tr>
      </table>
      <div style="width: 200px;">
         <label for="groupMethodsCheckBox" style="font-weight: bold; margin: 0;">
            <input id="groupMethodsCheckBox" type="checkbox" onclick="switchTestMethodsView(this)"></input>
            Group by class
            
         </label>
         <br></br>
         <label for="methodsFilter_ALL" style="font-weight: bold; margin: 0;">
            <input id="methodsFilter_ALL" type="checkbox"
                   onclick="testMethodsFilterChanged(this, 'ALL')"></input>
            All
            
         </label>
      </div>
      <label for="methodsFilter_FAIL" style="margin-left: 20px;">
         <input id="methodsFilter_FAIL" type="checkbox"
                onclick="testMethodsFilterChanged(this, 'FAIL')"
                checked=""></input>
         Failed
         
      </label>
      <label for="methodsFilter_PASS">
         <input id="methodsFilter_PASS" type="checkbox"
                onclick="testMethodsFilterChanged(this, 'PASS')"
                checked=""></input>
         Passed
         
      </label>
      <label for="methodsFilter_SKIP">
         <input id="methodsFilter_SKIP" type="checkbox"
                onclick="testMethodsFilterChanged(this, 'SKIP')"
                checked=""></input>
         Skipped
         
      </label>
      <label for="methodsFilter_CONF">
         <input id="methodsFilter_CONF" type="checkbox"
                onclick="testMethodsFilterChanged(this, 'CONF')"></input>
         Config
         
      </label>
      <br></br>
      <div id="testMethodsByStatus">
         <table class="testMethodsTable" cellpadding="0" cellspacing="0">
            <tr class="methodsTableHeader">
               <td width="100%">Name</td>
               <td nowrap="true">Started</td>
               <td nowrap="true">Duration</td>
               <td>Exception</td>
            </tr>
            <tr id="com.qtpselenium.zoho.project.testcases.LeadTest_init_byStatus_passed_PASS1_row"
                class="testMethodStatusPASS testMethodStatusCONF">
               <td width="100%" class="firstMethodCell">
                  <a onclick="toggleDetailsVisibility('com.qtpselenium.zoho.project.testcases.LeadTest_init_byStatus_passed_PASS1_details')">init()</a>
               </td>
               <td nowrap="true">12:49:31</td>
               <td nowrap="true" align="right">0 ms
                  
               </td>
               <td nowrap="true">
                   
                  
               </td>
            </tr>
            <tr>
               <td colspan="4" class="detailsBox">
                  <div id="com.qtpselenium.zoho.project.testcases.LeadTest_init_byStatus_passed_PASS1_details"
                       class="testMethodDetails">
                     <div>
                        <b>Name: </b>init
                     </div>
                     <div>
                        <b>Signature: </b>init()[pri:0, instance:com.qtpselenium.zoho.project.testcases.LeadTest@7d70d1b1]
                     </div>
                     <div>
                        <b>Start time: </b>12:49:31
                     </div>
                     <div>
                        <b>End time: </b>12:49:31
                     </div>
                     <div>
                        <b>Duration: </b>0 ms
                        
                     </div>
                  </div>
               </td>
            </tr>
            <tr></tr>
            <tr id="com.qtpselenium.zoho.project.testcases.LeadTest_quit_byStatus_passed_PASS2_row"
                class="testMethodStatusPASS testMethodStatusCONF">
               <td width="100%" class="firstMethodCell">
                  <a onclick="toggleDetailsVisibility('com.qtpselenium.zoho.project.testcases.LeadTest_quit_byStatus_passed_PASS2_details')">quit()</a>
               </td>
               <td nowrap="true">12:49:31</td>
               <td nowrap="true" align="right">26 ms
                  
               </td>
               <td nowrap="true">
                   
                  
               </td>
            </tr>
            <tr>
               <td colspan="4" class="detailsBox">
                  <div id="com.qtpselenium.zoho.project.testcases.LeadTest_quit_byStatus_passed_PASS2_details"
                       class="testMethodDetails">
                     <div>
                        <b>Name: </b>quit
                     </div>
                     <div>
                        <b>Signature: </b>quit()[pri:0, instance:com.qtpselenium.zoho.project.testcases.LeadTest@7d70d1b1]
                     </div>
                     <div>
                        <b>Start time: </b>12:49:31
                     </div>
                     <div>
                        <b>End time: </b>12:49:31
                     </div>
                     <div>
                        <b>Duration: </b>26 ms
                        
                     </div>
                  </div>
               </td>
            </tr>
            <tr></tr>
            <tr id="com.qtpselenium.zoho.project.testcases.LeadTest_init_byStatus_passed_PASS3_row"
                class="testMethodStatusPASS testMethodStatusCONF">
               <td width="100%" class="firstMethodCell">
                  <a onclick="toggleDetailsVisibility('com.qtpselenium.zoho.project.testcases.LeadTest_init_byStatus_passed_PASS3_details')">init()</a>
               </td>
               <td nowrap="true">12:49:31</td>
               <td nowrap="true" align="right">1 ms
                  
               </td>
               <td nowrap="true">
                   
                  
               </td>
            </tr>
            <tr>
               <td colspan="4" class="detailsBox">
                  <div id="com.qtpselenium.zoho.project.testcases.LeadTest_init_byStatus_passed_PASS3_details"
                       class="testMethodDetails">
                     <div>
                        <b>Name: </b>init
                     </div>
                     <div>
                        <b>Signature: </b>init()[pri:0, instance:com.qtpselenium.zoho.project.testcases.LeadTest@7d70d1b1]
                     </div>
                     <div>
                        <b>Start time: </b>12:49:31
                     </div>
                     <div>
                        <b>End time: </b>12:49:31
                     </div>
                     <div>
                        <b>Duration: </b>1 ms
                        
                     </div>
                  </div>
               </td>
            </tr>
            <tr></tr>
            <tr id="com.qtpselenium.zoho.project.testcases.LeadTest_quit_byStatus_passed_PASS4_row"
                class="testMethodStatusPASS testMethodStatusCONF">
               <td width="100%" class="firstMethodCell">
                  <a onclick="toggleDetailsVisibility('com.qtpselenium.zoho.project.testcases.LeadTest_quit_byStatus_passed_PASS4_details')">quit()</a>
               </td>
               <td nowrap="true">12:49:31</td>
               <td nowrap="true" align="right">29 ms
                  
               </td>
               <td nowrap="true">
                   
                  
               </td>
            </tr>
            <tr>
               <td colspan="4" class="detailsBox">
                  <div id="com.qtpselenium.zoho.project.testcases.LeadTest_quit_byStatus_passed_PASS4_details"
                       class="testMethodDetails">
                     <div>
                        <b>Name: </b>quit
                     </div>
                     <div>
                        <b>Signature: </b>quit()[pri:0, instance:com.qtpselenium.zoho.project.testcases.LeadTest@7d70d1b1]
                     </div>
                     <div>
                        <b>Start time: </b>12:49:31
                     </div>
                     <div>
                        <b>End time: </b>12:49:31
                     </div>
                     <div>
                        <b>Duration: </b>29 ms
                        
                     </div>
                  </div>
               </td>
            </tr>
            <tr></tr>
            <tr id="com.qtpselenium.zoho.project.testcases.LeadTest_quit_byStatus_passed_PASS5_row"
                class="testMethodStatusPASS testMethodStatusCONF">
               <td width="100%" class="firstMethodCell">
                  <a onclick="toggleDetailsVisibility('com.qtpselenium.zoho.project.testcases.LeadTest_quit_byStatus_passed_PASS5_details')">quit()</a>
               </td>
               <td nowrap="true">12:49:31</td>
               <td nowrap="true" align="right">21 ms
                  
               </td>
               <td nowrap="true">
                   
                  
               </td>
            </tr>
            <tr>
               <td colspan="4" class="detailsBox">
                  <div id="com.qtpselenium.zoho.project.testcases.LeadTest_quit_byStatus_passed_PASS5_details"
                       class="testMethodDetails">
                     <div>
                        <b>Name: </b>quit
                     </div>
                     <div>
                        <b>Signature: </b>quit()[pri:0, instance:com.qtpselenium.zoho.project.testcases.LeadTest@7d70d1b1]
                     </div>
                     <div>
                        <b>Start time: </b>12:49:31
                     </div>
                     <div>
                        <b>End time: </b>12:49:31
                     </div>
                     <div>
                        <b>Duration: </b>21 ms
                        
                     </div>
                  </div>
               </td>
            </tr>
            <tr></tr>
            <tr id="com.qtpselenium.zoho.project.testcases.LeadTest_init_byStatus_passed_PASS6_row"
                class="testMethodStatusPASS testMethodStatusCONF">
               <td width="100%" class="firstMethodCell">
                  <a onclick="toggleDetailsVisibility('com.qtpselenium.zoho.project.testcases.LeadTest_init_byStatus_passed_PASS6_details')">init()</a>
               </td>
               <td nowrap="true">12:49:31</td>
               <td nowrap="true" align="right">0 ms
                  
               </td>
               <td nowrap="true">
                   
                  
               </td>
            </tr>
            <tr>
               <td colspan="4" class="detailsBox">
                  <div id="com.qtpselenium.zoho.project.testcases.LeadTest_init_byStatus_passed_PASS6_details"
                       class="testMethodDetails">
                     <div>
                        <b>Name: </b>init
                     </div>
                     <div>
                        <b>Signature: </b>init()[pri:0, instance:com.qtpselenium.zoho.project.testcases.LeadTest@7d70d1b1]
                     </div>
                     <div>
                        <b>Start time: </b>12:49:31
                     </div>
                     <div>
                        <b>End time: </b>12:49:31
                     </div>
                     <div>
                        <b>Duration: </b>0 ms
                        
                     </div>
                  </div>
               </td>
            </tr>
            <tr></tr>
            <tr id="com.qtpselenium.zoho.project.testcases.LeadTest_init_byStatus_passed_PASS7_row"
                class="testMethodStatusPASS testMethodStatusCONF">
               <td width="100%" class="firstMethodCell">
                  <a onclick="toggleDetailsVisibility('com.qtpselenium.zoho.project.testcases.LeadTest_init_byStatus_passed_PASS7_details')">init()</a>
               </td>
               <td nowrap="true">12:49:31</td>
               <td nowrap="true" align="right">0 ms
                  
               </td>
               <td nowrap="true">
                   
                  
               </td>
            </tr>
            <tr>
               <td colspan="4" class="detailsBox">
                  <div id="com.qtpselenium.zoho.project.testcases.LeadTest_init_byStatus_passed_PASS7_details"
                       class="testMethodDetails">
                     <div>
                        <b>Name: </b>init
                     </div>
                     <div>
                        <b>Signature: </b>init()[pri:0, instance:com.qtpselenium.zoho.project.testcases.LeadTest@7d70d1b1]
                     </div>
                     <div>
                        <b>Start time: </b>12:49:31
                     </div>
                     <div>
                        <b>End time: </b>12:49:31
                     </div>
                     <div>
                        <b>Duration: </b>0 ms
                        
                     </div>
                  </div>
               </td>
            </tr>
            <tr></tr>
            <tr id="com.qtpselenium.zoho.project.testcases.LeadTest_quit_byStatus_passed_PASS8_row"
                class="testMethodStatusPASS testMethodStatusCONF">
               <td width="100%" class="firstMethodCell">
                  <a onclick="toggleDetailsVisibility('com.qtpselenium.zoho.project.testcases.LeadTest_quit_byStatus_passed_PASS8_details')">quit()</a>
               </td>
               <td nowrap="true">12:49:31</td>
               <td nowrap="true" align="right">25 ms
                  
               </td>
               <td nowrap="true">
                   
                  
               </td>
            </tr>
            <tr>
               <td colspan="4" class="detailsBox">
                  <div id="com.qtpselenium.zoho.project.testcases.LeadTest_quit_byStatus_passed_PASS8_details"
                       class="testMethodDetails">
                     <div>
                        <b>Name: </b>quit
                     </div>
                     <div>
                        <b>Signature: </b>quit()[pri:0, instance:com.qtpselenium.zoho.project.testcases.LeadTest@7d70d1b1]
                     </div>
                     <div>
                        <b>Start time: </b>12:49:31
                     </div>
                     <div>
                        <b>End time: </b>12:49:31
                     </div>
                     <div>
                        <b>Duration: </b>25 ms
                        
                     </div>
                  </div>
               </td>
            </tr>
            <tr></tr>
            <tr id="com.qtpselenium.zoho.project.testcases.LeadTest_init_byStatus_passed_PASS9_row"
                class="testMethodStatusPASS testMethodStatusCONF">
               <td width="100%" class="firstMethodCell">
                  <a onclick="toggleDetailsVisibility('com.qtpselenium.zoho.project.testcases.LeadTest_init_byStatus_passed_PASS9_details')">init()</a>
               </td>
               <td nowrap="true">12:49:31</td>
               <td nowrap="true" align="right">0 ms
                  
               </td>
               <td nowrap="true">
                   
                  
               </td>
            </tr>
            <tr>
               <td colspan="4" class="detailsBox">
                  <div id="com.qtpselenium.zoho.project.testcases.LeadTest_init_byStatus_passed_PASS9_details"
                       class="testMethodDetails">
                     <div>
                        <b>Name: </b>init
                     </div>
                     <div>
                        <b>Signature: </b>init()[pri:0, instance:com.qtpselenium.zoho.project.testcases.LeadTest@7d70d1b1]
                     </div>
                     <div>
                        <b>Start time: </b>12:49:31
                     </div>
                     <div>
                        <b>End time: </b>12:49:31
                     </div>
                     <div>
                        <b>Duration: </b>0 ms
                        
                     </div>
                  </div>
               </td>
            </tr>
            <tr></tr>
            <tr id="com.qtpselenium.zoho.project.testcases.LeadTest_quit_byStatus_passed_PASS10_row"
                class="testMethodStatusPASS testMethodStatusCONF">
               <td width="100%" class="firstMethodCell">
                  <a onclick="toggleDetailsVisibility('com.qtpselenium.zoho.project.testcases.LeadTest_quit_byStatus_passed_PASS10_details')">quit()</a>
               </td>
               <td nowrap="true">12:49:31</td>
               <td nowrap="true" align="right">32 ms
                  
               </td>
               <td nowrap="true">
                   
                  
               </td>
            </tr>
            <tr>
               <td colspan="4" class="detailsBox">
                  <div id="com.qtpselenium.zoho.project.testcases.LeadTest_quit_byStatus_passed_PASS10_details"
                       class="testMethodDetails">
                     <div>
                        <b>Name: </b>quit
                     </div>
                     <div>
                        <b>Signature: </b>quit()[pri:0, instance:com.qtpselenium.zoho.project.testcases.LeadTest@7d70d1b1]
                     </div>
                     <div>
                        <b>Start time: </b>12:49:31
                     </div>
                     <div>
                        <b>End time: </b>12:49:31
                     </div>
                     <div>
                        <b>Duration: </b>32 ms
                        
                     </div>
                  </div>
               </td>
            </tr>
            <tr></tr>
            <tr id="com.qtpselenium.zoho.project.testcases.LeadTest_init_byStatus_passed_PASS11_row"
                class="testMethodStatusPASS testMethodStatusCONF">
               <td width="100%" class="firstMethodCell">
                  <a onclick="toggleDetailsVisibility('com.qtpselenium.zoho.project.testcases.LeadTest_init_byStatus_passed_PASS11_details')">init()</a>
               </td>
               <td nowrap="true">12:49:31</td>
               <td nowrap="true" align="right">0 ms
                  
               </td>
               <td nowrap="true">
                   
                  
               </td>
            </tr>
            <tr>
               <td colspan="4" class="detailsBox">
                  <div id="com.qtpselenium.zoho.project.testcases.LeadTest_init_byStatus_passed_PASS11_details"
                       class="testMethodDetails">
                     <div>
                        <b>Name: </b>init
                     </div>
                     <div>
                        <b>Signature: </b>init()[pri:0, instance:com.qtpselenium.zoho.project.testcases.LeadTest@7d70d1b1]
                     </div>
                     <div>
                        <b>Start time: </b>12:49:31
                     </div>
                     <div>
                        <b>End time: </b>12:49:31
                     </div>
                     <div>
                        <b>Duration: </b>0 ms
                        
                     </div>
                  </div>
               </td>
            </tr>
            <tr></tr>
            <tr id="com.qtpselenium.zoho.project.testcases.LeadTest_quit_byStatus_passed_PASS12_row"
                class="testMethodStatusPASS testMethodStatusCONF">
               <td width="100%" class="firstMethodCell">
                  <a onclick="toggleDetailsVisibility('com.qtpselenium.zoho.project.testcases.LeadTest_quit_byStatus_passed_PASS12_details')">quit()</a>
               </td>
               <td nowrap="true">12:49:31</td>
               <td nowrap="true" align="right">18 ms
                  
               </td>
               <td nowrap="true">
                   
                  
               </td>
            </tr>
            <tr>
               <td colspan="4" class="detailsBox">
                  <div id="com.qtpselenium.zoho.project.testcases.LeadTest_quit_byStatus_passed_PASS12_details"
                       class="testMethodDetails">
                     <div>
                        <b>Name: </b>quit
                     </div>
                     <div>
                        <b>Signature: </b>quit()[pri:0, instance:com.qtpselenium.zoho.project.testcases.LeadTest@7d70d1b1]
                     </div>
                     <div>
                        <b>Start time: </b>12:49:31
                     </div>
                     <div>
                        <b>End time: </b>12:49:31
                     </div>
                     <div>
                        <b>Duration: </b>18 ms
                        
                     </div>
                  </div>
               </td>
            </tr>
            <tr></tr>
            <tr id="com.qtpselenium.zoho.project.testcases.LeadTest_quit_byStatus_passed_PASS13_row"
                class="testMethodStatusPASS testMethodStatusCONF">
               <td width="100%" class="firstMethodCell">
                  <a onclick="toggleDetailsVisibility('com.qtpselenium.zoho.project.testcases.LeadTest_quit_byStatus_passed_PASS13_details')">quit()</a>
               </td>
               <td nowrap="true">12:49:31</td>
               <td nowrap="true" align="right">19 ms
                  
               </td>
               <td nowrap="true">
                   
                  
               </td>
            </tr>
            <tr>
               <td colspan="4" class="detailsBox">
                  <div id="com.qtpselenium.zoho.project.testcases.LeadTest_quit_byStatus_passed_PASS13_details"
                       class="testMethodDetails">
                     <div>
                        <b>Name: </b>quit
                     </div>
                     <div>
                        <b>Signature: </b>quit()[pri:0, instance:com.qtpselenium.zoho.project.testcases.LeadTest@7d70d1b1]
                     </div>
                     <div>
                        <b>Start time: </b>12:49:31
                     </div>
                     <div>
                        <b>End time: </b>12:49:31
                     </div>
                     <div>
                        <b>Duration: </b>19 ms
                        
                     </div>
                  </div>
               </td>
            </tr>
            <tr></tr>
            <tr id="com.qtpselenium.zoho.project.testcases.LeadTest_init_byStatus_passed_PASS14_row"
                class="testMethodStatusPASS testMethodStatusCONF">
               <td width="100%" class="firstMethodCell">
                  <a onclick="toggleDetailsVisibility('com.qtpselenium.zoho.project.testcases.LeadTest_init_byStatus_passed_PASS14_details')">init()</a>
               </td>
               <td nowrap="true">12:49:31</td>
               <td nowrap="true" align="right">0 ms
                  
               </td>
               <td nowrap="true">
                   
                  
               </td>
            </tr>
            <tr>
               <td colspan="4" class="detailsBox">
                  <div id="com.qtpselenium.zoho.project.testcases.LeadTest_init_byStatus_passed_PASS14_details"
                       class="testMethodDetails">
                     <div>
                        <b>Name: </b>init
                     </div>
                     <div>
                        <b>Signature: </b>init()[pri:0, instance:com.qtpselenium.zoho.project.testcases.LeadTest@7d70d1b1]
                     </div>
                     <div>
                        <b>Start time: </b>12:49:31
                     </div>
                     <div>
                        <b>End time: </b>12:49:31
                     </div>
                     <div>
                        <b>Duration: </b>0 ms
                        
                     </div>
                  </div>
               </td>
            </tr>
            <tr></tr>
            <tr id="com.qtpselenium.zoho.project.testcases.LeadTest_init_byStatus_passed_PASS15_row"
                class="testMethodStatusPASS testMethodStatusCONF">
               <td width="100%" class="firstMethodCell">
                  <a onclick="toggleDetailsVisibility('com.qtpselenium.zoho.project.testcases.LeadTest_init_byStatus_passed_PASS15_details')">init()</a>
               </td>
               <td nowrap="true">12:49:31</td>
               <td nowrap="true" align="right">1 ms
                  
               </td>
               <td nowrap="true">
                   
                  
               </td>
            </tr>
            <tr>
               <td colspan="4" class="detailsBox">
                  <div id="com.qtpselenium.zoho.project.testcases.LeadTest_init_byStatus_passed_PASS15_details"
                       class="testMethodDetails">
                     <div>
                        <b>Name: </b>init
                     </div>
                     <div>
                        <b>Signature: </b>init()[pri:0, instance:com.qtpselenium.zoho.project.testcases.LeadTest@7d70d1b1]
                     </div>
                     <div>
                        <b>Start time: </b>12:49:31
                     </div>
                     <div>
                        <b>End time: </b>12:49:31
                     </div>
                     <div>
                        <b>Duration: </b>1 ms
                        
                     </div>
                  </div>
               </td>
            </tr>
            <tr></tr>
            <tr id="com.qtpselenium.zoho.project.testcases.LeadTest_quit_byStatus_passed_PASS16_row"
                class="testMethodStatusPASS testMethodStatusCONF">
               <td width="100%" class="firstMethodCell">
                  <a onclick="toggleDetailsVisibility('com.qtpselenium.zoho.project.testcases.LeadTest_quit_byStatus_passed_PASS16_details')">quit()</a>
               </td>
               <td nowrap="true">12:49:31</td>
               <td nowrap="true" align="right">21 ms
                  
               </td>
               <td nowrap="true">
                   
                  
               </td>
            </tr>
            <tr>
               <td colspan="4" class="detailsBox">
                  <div id="com.qtpselenium.zoho.project.testcases.LeadTest_quit_byStatus_passed_PASS16_details"
                       class="testMethodDetails">
                     <div>
                        <b>Name: </b>quit
                     </div>
                     <div>
                        <b>Signature: </b>quit()[pri:0, instance:com.qtpselenium.zoho.project.testcases.LeadTest@7d70d1b1]
                     </div>
                     <div>
                        <b>Start time: </b>12:49:31
                     </div>
                     <div>
                        <b>End time: </b>12:49:31
                     </div>
                     <div>
                        <b>Duration: </b>21 ms
                        
                     </div>
                  </div>
               </td>
            </tr>
            <tr></tr>
            <tr id="com.qtpselenium.zoho.project.testcases.LeadTest_quit_byStatus_passed_PASS17_row"
                class="testMethodStatusPASS testMethodStatusCONF">
               <td width="100%" class="firstMethodCell">
                  <a onclick="toggleDetailsVisibility('com.qtpselenium.zoho.project.testcases.LeadTest_quit_byStatus_passed_PASS17_details')">quit()</a>
               </td>
               <td nowrap="true">12:49:31</td>
               <td nowrap="true" align="right">18 ms
                  
               </td>
               <td nowrap="true">
                   
                  
               </td>
            </tr>
            <tr>
               <td colspan="4" class="detailsBox">
                  <div id="com.qtpselenium.zoho.project.testcases.LeadTest_quit_byStatus_passed_PASS17_details"
                       class="testMethodDetails">
                     <div>
                        <b>Name: </b>quit
                     </div>
                     <div>
                        <b>Signature: </b>quit()[pri:0, instance:com.qtpselenium.zoho.project.testcases.LeadTest@7d70d1b1]
                     </div>
                     <div>
                        <b>Start time: </b>12:49:31
                     </div>
                     <div>
                        <b>End time: </b>12:49:31
                     </div>
                     <div>
                        <b>Duration: </b>18 ms
                        
                     </div>
                  </div>
               </td>
            </tr>
            <tr></tr>
            <tr id="com.qtpselenium.zoho.project.testcases.LeadTest_init_byStatus_passed_PASS18_row"
                class="testMethodStatusPASS testMethodStatusCONF">
               <td width="100%" class="firstMethodCell">
                  <a onclick="toggleDetailsVisibility('com.qtpselenium.zoho.project.testcases.LeadTest_init_byStatus_passed_PASS18_details')">init()</a>
               </td>
               <td nowrap="true">12:49:31</td>
               <td nowrap="true" align="right">0 ms
                  
               </td>
               <td nowrap="true">
                   
                  
               </td>
            </tr>
            <tr>
               <td colspan="4" class="detailsBox">
                  <div id="com.qtpselenium.zoho.project.testcases.LeadTest_init_byStatus_passed_PASS18_details"
                       class="testMethodDetails">
                     <div>
                        <b>Name: </b>init
                     </div>
                     <div>
                        <b>Signature: </b>init()[pri:0, instance:com.qtpselenium.zoho.project.testcases.LeadTest@7d70d1b1]
                     </div>
                     <div>
                        <b>Start time: </b>12:49:31
                     </div>
                     <div>
                        <b>End time: </b>12:49:31
                     </div>
                     <div>
                        <b>Duration: </b>0 ms
                        
                     </div>
                  </div>
               </td>
            </tr>
            <tr></tr>
            <tr id="com.qtpselenium.zoho.project.testcases.LeadTest_init_byStatus_passed_PASS19_row"
                class="testMethodStatusPASS testMethodStatusCONF">
               <td width="100%" class="firstMethodCell">
                  <a onclick="toggleDetailsVisibility('com.qtpselenium.zoho.project.testcases.LeadTest_init_byStatus_passed_PASS19_details')">init()</a>
               </td>
               <td nowrap="true">12:49:31</td>
               <td nowrap="true" align="right">0 ms
                  
               </td>
               <td nowrap="true">
                   
                  
               </td>
            </tr>
            <tr>
               <td colspan="4" class="detailsBox">
                  <div id="com.qtpselenium.zoho.project.testcases.LeadTest_init_byStatus_passed_PASS19_details"
                       class="testMethodDetails">
                     <div>
                        <b>Name: </b>init
                     </div>
                     <div>
                        <b>Signature: </b>init()[pri:0, instance:com.qtpselenium.zoho.project.testcases.LeadTest@7d70d1b1]
                     </div>
                     <div>
                        <b>Start time: </b>12:49:31
                     </div>
                     <div>
                        <b>End time: </b>12:49:31
                     </div>
                     <div>
                        <b>Duration: </b>0 ms
                        
                     </div>
                  </div>
               </td>
            </tr>
            <tr></tr>
            <tr id="com.qtpselenium.zoho.project.testcases.LeadTest_quit_byStatus_passed_PASS20_row"
                class="testMethodStatusPASS testMethodStatusCONF">
               <td width="100%" class="firstMethodCell">
                  <a onclick="toggleDetailsVisibility('com.qtpselenium.zoho.project.testcases.LeadTest_quit_byStatus_passed_PASS20_details')">quit()</a>
               </td>
               <td nowrap="true">12:49:31</td>
               <td nowrap="true" align="right">20 ms
                  
               </td>
               <td nowrap="true">
                   
                  
               </td>
            </tr>
            <tr>
               <td colspan="4" class="detailsBox">
                  <div id="com.qtpselenium.zoho.project.testcases.LeadTest_quit_byStatus_passed_PASS20_details"
                       class="testMethodDetails">
                     <div>
                        <b>Name: </b>quit
                     </div>
                     <div>
                        <b>Signature: </b>quit()[pri:0, instance:com.qtpselenium.zoho.project.testcases.LeadTest@7d70d1b1]
                     </div>
                     <div>
                        <b>Start time: </b>12:49:31
                     </div>
                     <div>
                        <b>End time: </b>12:49:31
                     </div>
                     <div>
                        <b>Duration: </b>20 ms
                        
                     </div>
                  </div>
               </td>
            </tr>
            <tr></tr>
            <tr id="com.qtpselenium.zoho.project.testcases.LeadTest_createLeadTest_byStatus_skiped_SKIP1_row"
                class="testMethodStatusSKIP">
               <td width="100%" class="firstMethodCell">
                  <a onclick="toggleDetailsVisibility('com.qtpselenium.zoho.project.testcases.LeadTest_createLeadTest_byStatus_skiped_SKIP1_details')">createLeadTest({LeadLastName=Wilson, Runmode=N, LeadCompany=Samsung, Browser=Mozilla})</a>
               </td>
               <td nowrap="true">12:49:31</td>
               <td nowrap="true" align="right">0 ms
                  
               </td>
               <td nowrap="true">
                  <a onclick="toggleDetailsVisibility('com.qtpselenium.zoho.project.testcases.LeadTest_createLeadTest_byStatus_skiped_SKIP1_exception')">org.testng.SkipException: 
                     Skipping the test as runmode is N
                     
                  </a>
                   
                  
               </td>
            </tr>
            <tr>
               <td colspan="4" class="detailsBox">
                  <div id="com.qtpselenium.zoho.project.testcases.LeadTest_createLeadTest_byStatus_skiped_SKIP1_details"
                       class="testMethodDetails">
                     <div>
                        <b>Name: </b>createLeadTest
                     </div>
                     <div>
                        <b>Signature: </b>createLeadTest(java.util.Hashtable)[pri:1, instance:com.qtpselenium.zoho.project.testcases.LeadTest@7d70d1b1]
                     </div>
                     <div>
                        <b>Parameters: </b>
                        
                        {LeadLastName=Wilson, Runmode=N, LeadCompany=Samsung, Browser=Mozilla}
                        
                        
                     </div>
                     <div>
                        <b>Start time: </b>12:49:31
                     </div>
                     <div>
                        <b>End time: </b>12:49:31
                     </div>
                     <div>
                        <b>Duration: </b>0 ms
                        
                     </div>
                  </div>
               </td>
            </tr>
            <tr>
               <td colspan="4" class="detailsBox">
                  <div id="com.qtpselenium.zoho.project.testcases.LeadTest_createLeadTest_byStatus_skiped_SKIP1_exception"
                       class="testMethodDetails">
                     <pre style="padding: 5px; margin: 0;">org.testng.SkipException: Skipping the test as runmode is N
                        	at com.qtpselenium.zoho.project.testcases.LeadTest.createLeadTest(LeadTest.java:29)
                        	at sun.reflect.NativeMethodAccessorImpl.invoke0(Native Method)
                        	at sun.reflect.NativeMethodAccessorImpl.invoke(NativeMethodAccessorImpl.java:62)
                        	at sun.reflect.DelegatingMethodAccessorImpl.invoke(DelegatingMethodAccessorImpl.java:43)
                        	at java.lang.reflect.Method.invoke(Method.java:498)
                        	at org.testng.internal.MethodInvocationHelper.invokeMethod(MethodInvocationHelper.java:85)
                        	at org.testng.internal.Invoker.invokeMethod(Invoker.java:639)
                        	at org.testng.internal.Invoker.invokeTestMethod(Invoker.java:816)
                        	at org.testng.internal.Invoker.invokeTestMethods(Invoker.java:1124)
                        	at org.testng.internal.TestMethodWorker.invokeTestMethods(TestMethodWorker.java:125)
                        	at org.testng.internal.TestMethodWorker.run(TestMethodWorker.java:108)
                        	at org.testng.TestRunner.privateRun(TestRunner.java:774)
                        	at org.testng.TestRunner.run(TestRunner.java:624)
                        	at org.testng.SuiteRunner.runTest(SuiteRunner.java:359)
                        	at org.testng.SuiteRunner.runSequentially(SuiteRunner.java:354)
                        	at org.testng.SuiteRunner.privateRun(SuiteRunner.java:312)
                        	at org.testng.SuiteRunner.run(SuiteRunner.java:261)
                        	at org.testng.SuiteRunnerWorker.runSuite(SuiteRunnerWorker.java:52)
                        	at org.testng.SuiteRunnerWorker.run(SuiteRunnerWorker.java:86)
                        	at org.testng.TestNG.runSuitesSequentially(TestNG.java:1215)
                        	at org.testng.TestNG.runSuitesLocally(TestNG.java:1140)
                        	at org.testng.TestNG.run(TestNG.java:1048)
                        	at org.testng.TestNG.privateMain(TestNG.java:1355)
                        	at org.testng.TestNG.main(TestNG.java:1324)
                     </pre>
                  </div>
               </td>
            </tr>
            <tr id="com.qtpselenium.zoho.project.testcases.LeadTest_createLeadTest_byStatus_skiped_SKIP2_row"
                class="testMethodStatusSKIP">
               <td width="100%" class="firstMethodCell">
                  <a onclick="toggleDetailsVisibility('com.qtpselenium.zoho.project.testcases.LeadTest_createLeadTest_byStatus_skiped_SKIP2_details')">createLeadTest({LeadLastName=Chambers, Runmode=Y, LeadCompany=CISCO, Browser=Chrome})</a>
               </td>
               <td nowrap="true">12:49:31</td>
               <td nowrap="true" align="right">4 ms
                  
               </td>
               <td nowrap="true">
                  <a onclick="toggleDetailsVisibility('com.qtpselenium.zoho.project.testcases.LeadTest_createLeadTest_byStatus_skiped_SKIP2_exception')">org.testng.SkipException: 
                     Skipping the test as runmode is N
                     
                  </a>
                   
                  
               </td>
            </tr>
            <tr>
               <td colspan="4" class="detailsBox">
                  <div id="com.qtpselenium.zoho.project.testcases.LeadTest_createLeadTest_byStatus_skiped_SKIP2_details"
                       class="testMethodDetails">
                     <div>
                        <b>Name: </b>createLeadTest
                     </div>
                     <div>
                        <b>Signature: </b>createLeadTest(java.util.Hashtable)[pri:1, instance:com.qtpselenium.zoho.project.testcases.LeadTest@7d70d1b1]
                     </div>
                     <div>
                        <b>Parameters: </b>
                        
                        {LeadLastName=Chambers, Runmode=Y, LeadCompany=CISCO, Browser=Chrome}
                        
                        
                     </div>
                     <div>
                        <b>Start time: </b>12:49:31
                     </div>
                     <div>
                        <b>End time: </b>12:49:31
                     </div>
                     <div>
                        <b>Duration: </b>4 ms
                        
                     </div>
                  </div>
               </td>
            </tr>
            <tr>
               <td colspan="4" class="detailsBox">
                  <div id="com.qtpselenium.zoho.project.testcases.LeadTest_createLeadTest_byStatus_skiped_SKIP2_exception"
                       class="testMethodDetails">
                     <pre style="padding: 5px; margin: 0;">org.testng.SkipException: Skipping the test as runmode is N
                        	at com.qtpselenium.zoho.project.testcases.LeadTest.createLeadTest(LeadTest.java:29)
                        	at sun.reflect.NativeMethodAccessorImpl.invoke0(Native Method)
                        	at sun.reflect.NativeMethodAccessorImpl.invoke(NativeMethodAccessorImpl.java:62)
                        	at sun.reflect.DelegatingMethodAccessorImpl.invoke(DelegatingMethodAccessorImpl.java:43)
                        	at java.lang.reflect.Method.invoke(Method.java:498)
                        	at org.testng.internal.MethodInvocationHelper.invokeMethod(MethodInvocationHelper.java:85)
                        	at org.testng.internal.Invoker.invokeMethod(Invoker.java:639)
                        	at org.testng.internal.Invoker.invokeTestMethod(Invoker.java:816)
                        	at org.testng.internal.Invoker.invokeTestMethods(Invoker.java:1124)
                        	at org.testng.internal.TestMethodWorker.invokeTestMethods(TestMethodWorker.java:125)
                        	at org.testng.internal.TestMethodWorker.run(TestMethodWorker.java:108)
                        	at org.testng.TestRunner.privateRun(TestRunner.java:774)
                        	at org.testng.TestRunner.run(TestRunner.java:624)
                        	at org.testng.SuiteRunner.runTest(SuiteRunner.java:359)
                        	at org.testng.SuiteRunner.runSequentially(SuiteRunner.java:354)
                        	at org.testng.SuiteRunner.privateRun(SuiteRunner.java:312)
                        	at org.testng.SuiteRunner.run(SuiteRunner.java:261)
                        	at org.testng.SuiteRunnerWorker.runSuite(SuiteRunnerWorker.java:52)
                        	at org.testng.SuiteRunnerWorker.run(SuiteRunnerWorker.java:86)
                        	at org.testng.TestNG.runSuitesSequentially(TestNG.java:1215)
                        	at org.testng.TestNG.runSuitesLocally(TestNG.java:1140)
                        	at org.testng.TestNG.run(TestNG.java:1048)
                        	at org.testng.TestNG.privateMain(TestNG.java:1355)
                        	at org.testng.TestNG.main(TestNG.java:1324)
                     </pre>
                  </div>
               </td>
            </tr>
            <tr id="com.qtpselenium.zoho.project.testcases.LeadTest_createLeadTest_byStatus_skiped_SKIP3_row"
                class="testMethodStatusSKIP">
               <td width="100%" class="firstMethodCell">
                  <a onclick="toggleDetailsVisibility('com.qtpselenium.zoho.project.testcases.LeadTest_createLeadTest_byStatus_skiped_SKIP3_details')">createLeadTest({LeadLastName=Watson, Runmode=N, LeadCompany=HP, Browser=Chrome})</a>
               </td>
               <td nowrap="true">12:49:31</td>
               <td nowrap="true" align="right">0 ms
                  
               </td>
               <td nowrap="true">
                  <a onclick="toggleDetailsVisibility('com.qtpselenium.zoho.project.testcases.LeadTest_createLeadTest_byStatus_skiped_SKIP3_exception')">org.testng.SkipException: 
                     Skipping the test as runmode is N
                     
                  </a>
                   
                  
               </td>
            </tr>
            <tr>
               <td colspan="4" class="detailsBox">
                  <div id="com.qtpselenium.zoho.project.testcases.LeadTest_createLeadTest_byStatus_skiped_SKIP3_details"
                       class="testMethodDetails">
                     <div>
                        <b>Name: </b>createLeadTest
                     </div>
                     <div>
                        <b>Signature: </b>createLeadTest(java.util.Hashtable)[pri:1, instance:com.qtpselenium.zoho.project.testcases.LeadTest@7d70d1b1]
                     </div>
                     <div>
                        <b>Parameters: </b>
                        
                        {LeadLastName=Watson, Runmode=N, LeadCompany=HP, Browser=Chrome}
                        
                        
                     </div>
                     <div>
                        <b>Start time: </b>12:49:31
                     </div>
                     <div>
                        <b>End time: </b>12:49:31
                     </div>
                     <div>
                        <b>Duration: </b>0 ms
                        
                     </div>
                  </div>
               </td>
            </tr>
            <tr>
               <td colspan="4" class="detailsBox">
                  <div id="com.qtpselenium.zoho.project.testcases.LeadTest_createLeadTest_byStatus_skiped_SKIP3_exception"
                       class="testMethodDetails">
                     <pre style="padding: 5px; margin: 0;">org.testng.SkipException: Skipping the test as runmode is N
                        	at com.qtpselenium.zoho.project.testcases.LeadTest.createLeadTest(LeadTest.java:29)
                        	at sun.reflect.NativeMethodAccessorImpl.invoke0(Native Method)
                        	at sun.reflect.NativeMethodAccessorImpl.invoke(NativeMethodAccessorImpl.java:62)
                        	at sun.reflect.DelegatingMethodAccessorImpl.invoke(DelegatingMethodAccessorImpl.java:43)
                        	at java.lang.reflect.Method.invoke(Method.java:498)
                        	at org.testng.internal.MethodInvocationHelper.invokeMethod(MethodInvocationHelper.java:85)
                        	at org.testng.internal.Invoker.invokeMethod(Invoker.java:639)
                        	at org.testng.internal.Invoker.invokeTestMethod(Invoker.java:816)
                        	at org.testng.internal.Invoker.invokeTestMethods(Invoker.java:1124)
                        	at org.testng.internal.TestMethodWorker.invokeTestMethods(TestMethodWorker.java:125)
                        	at org.testng.internal.TestMethodWorker.run(TestMethodWorker.java:108)
                        	at org.testng.TestRunner.privateRun(TestRunner.java:774)
                        	at org.testng.TestRunner.run(TestRunner.java:624)
                        	at org.testng.SuiteRunner.runTest(SuiteRunner.java:359)
                        	at org.testng.SuiteRunner.runSequentially(SuiteRunner.java:354)
                        	at org.testng.SuiteRunner.privateRun(SuiteRunner.java:312)
                        	at org.testng.SuiteRunner.run(SuiteRunner.java:261)
                        	at org.testng.SuiteRunnerWorker.runSuite(SuiteRunnerWorker.java:52)
                        	at org.testng.SuiteRunnerWorker.run(SuiteRunnerWorker.java:86)
                        	at org.testng.TestNG.runSuitesSequentially(TestNG.java:1215)
                        	at org.testng.TestNG.runSuitesLocally(TestNG.java:1140)
                        	at org.testng.TestNG.run(TestNG.java:1048)
                        	at org.testng.TestNG.privateMain(TestNG.java:1355)
                        	at org.testng.TestNG.main(TestNG.java:1324)
                     </pre>
                  </div>
               </td>
            </tr>
            <tr id="com.qtpselenium.zoho.project.testcases.LeadTest_createLeadTest_byStatus_skiped_SKIP4_row"
                class="testMethodStatusSKIP">
               <td width="100%" class="firstMethodCell">
                  <a onclick="toggleDetailsVisibility('com.qtpselenium.zoho.project.testcases.LeadTest_createLeadTest_byStatus_skiped_SKIP4_details')">createLeadTest({LeadLastName=Sharma, Runmode=N, LeadCompany=Lenovo, Browser=Chrome})</a>
               </td>
               <td nowrap="true">12:49:31</td>
               <td nowrap="true" align="right">1 ms
                  
               </td>
               <td nowrap="true">
                  <a onclick="toggleDetailsVisibility('com.qtpselenium.zoho.project.testcases.LeadTest_createLeadTest_byStatus_skiped_SKIP4_exception')">org.testng.SkipException: 
                     Skipping the test as runmode is N
                     
                  </a>
                   
                  
               </td>
            </tr>
            <tr>
               <td colspan="4" class="detailsBox">
                  <div id="com.qtpselenium.zoho.project.testcases.LeadTest_createLeadTest_byStatus_skiped_SKIP4_details"
                       class="testMethodDetails">
                     <div>
                        <b>Name: </b>createLeadTest
                     </div>
                     <div>
                        <b>Signature: </b>createLeadTest(java.util.Hashtable)[pri:1, instance:com.qtpselenium.zoho.project.testcases.LeadTest@7d70d1b1]
                     </div>
                     <div>
                        <b>Parameters: </b>
                        
                        {LeadLastName=Sharma, Runmode=N, LeadCompany=Lenovo, Browser=Chrome}
                        
                        
                     </div>
                     <div>
                        <b>Start time: </b>12:49:31
                     </div>
                     <div>
                        <b>End time: </b>12:49:31
                     </div>
                     <div>
                        <b>Duration: </b>1 ms
                        
                     </div>
                  </div>
               </td>
            </tr>
            <tr>
               <td colspan="4" class="detailsBox">
                  <div id="com.qtpselenium.zoho.project.testcases.LeadTest_createLeadTest_byStatus_skiped_SKIP4_exception"
                       class="testMethodDetails">
                     <pre style="padding: 5px; margin: 0;">org.testng.SkipException: Skipping the test as runmode is N
                        	at com.qtpselenium.zoho.project.testcases.LeadTest.createLeadTest(LeadTest.java:29)
                        	at sun.reflect.NativeMethodAccessorImpl.invoke0(Native Method)
                        	at sun.reflect.NativeMethodAccessorImpl.invoke(NativeMethodAccessorImpl.java:62)
                        	at sun.reflect.DelegatingMethodAccessorImpl.invoke(DelegatingMethodAccessorImpl.java:43)
                        	at java.lang.reflect.Method.invoke(Method.java:498)
                        	at org.testng.internal.MethodInvocationHelper.invokeMethod(MethodInvocationHelper.java:85)
                        	at org.testng.internal.Invoker.invokeMethod(Invoker.java:639)
                        	at org.testng.internal.Invoker.invokeTestMethod(Invoker.java:816)
                        	at org.testng.internal.Invoker.invokeTestMethods(Invoker.java:1124)
                        	at org.testng.internal.TestMethodWorker.invokeTestMethods(TestMethodWorker.java:125)
                        	at org.testng.internal.TestMethodWorker.run(TestMethodWorker.java:108)
                        	at org.testng.TestRunner.privateRun(TestRunner.java:774)
                        	at org.testng.TestRunner.run(TestRunner.java:624)
                        	at org.testng.SuiteRunner.runTest(SuiteRunner.java:359)
                        	at org.testng.SuiteRunner.runSequentially(SuiteRunner.java:354)
                        	at org.testng.SuiteRunner.privateRun(SuiteRunner.java:312)
                        	at org.testng.SuiteRunner.run(SuiteRunner.java:261)
                        	at org.testng.SuiteRunnerWorker.runSuite(SuiteRunnerWorker.java:52)
                        	at org.testng.SuiteRunnerWorker.run(SuiteRunnerWorker.java:86)
                        	at org.testng.TestNG.runSuitesSequentially(TestNG.java:1215)
                        	at org.testng.TestNG.runSuitesLocally(TestNG.java:1140)
                        	at org.testng.TestNG.run(TestNG.java:1048)
                        	at org.testng.TestNG.privateMain(TestNG.java:1355)
                        	at org.testng.TestNG.main(TestNG.java:1324)
                     </pre>
                  </div>
               </td>
            </tr>
            <tr id="com.qtpselenium.zoho.project.testcases.LeadTest_convertLeadTest_byStatus_skiped_SKIP5_row"
                class="testMethodStatusSKIP">
               <td width="100%" class="firstMethodCell">
                  <a onclick="toggleDetailsVisibility('com.qtpselenium.zoho.project.testcases.LeadTest_convertLeadTest_byStatus_skiped_SKIP5_details')">convertLeadTest({LeadLastName=Wilson, Runmode=N, LeadCompany=Samsung, Browser=Mozilla})</a>
               </td>
               <td nowrap="true">12:49:31</td>
               <td nowrap="true" align="right">0 ms
                  
               </td>
               <td nowrap="true">
                  <a onclick="toggleDetailsVisibility('com.qtpselenium.zoho.project.testcases.LeadTest_convertLeadTest_byStatus_skiped_SKIP5_exception')">org.testng.SkipException: 
                     Skipping the test as runmode is N
                     
                  </a>
                   
                  
               </td>
            </tr>
            <tr>
               <td colspan="4" class="detailsBox">
                  <div id="com.qtpselenium.zoho.project.testcases.LeadTest_convertLeadTest_byStatus_skiped_SKIP5_details"
                       class="testMethodDetails">
                     <div>
                        <b>Name: </b>convertLeadTest
                     </div>
                     <div>
                        <b>Signature: </b>convertLeadTest(java.util.Hashtable)[pri:2, instance:com.qtpselenium.zoho.project.testcases.LeadTest@7d70d1b1]
                     </div>
                     <div>
                        <b>Parameters: </b>
                        
                        {LeadLastName=Wilson, Runmode=N, LeadCompany=Samsung, Browser=Mozilla}
                        
                        
                     </div>
                     <div>
                        <b>Start time: </b>12:49:31
                     </div>
                     <div>
                        <b>End time: </b>12:49:31
                     </div>
                     <div>
                        <b>Duration: </b>0 ms
                        
                     </div>
                  </div>
               </td>
            </tr>
            <tr>
               <td colspan="4" class="detailsBox">
                  <div id="com.qtpselenium.zoho.project.testcases.LeadTest_convertLeadTest_byStatus_skiped_SKIP5_exception"
                       class="testMethodDetails">
                     <pre style="padding: 5px; margin: 0;">org.testng.SkipException: Skipping the test as runmode is N
                        	at com.qtpselenium.zoho.project.testcases.LeadTest.convertLeadTest(LeadTest.java:59)
                        	at sun.reflect.NativeMethodAccessorImpl.invoke0(Native Method)
                        	at sun.reflect.NativeMethodAccessorImpl.invoke(NativeMethodAccessorImpl.java:62)
                        	at sun.reflect.DelegatingMethodAccessorImpl.invoke(DelegatingMethodAccessorImpl.java:43)
                        	at java.lang.reflect.Method.invoke(Method.java:498)
                        	at org.testng.internal.MethodInvocationHelper.invokeMethod(MethodInvocationHelper.java:85)
                        	at org.testng.internal.Invoker.invokeMethod(Invoker.java:639)
                        	at org.testng.internal.Invoker.invokeTestMethod(Invoker.java:816)
                        	at org.testng.internal.Invoker.invokeTestMethods(Invoker.java:1124)
                        	at org.testng.internal.TestMethodWorker.invokeTestMethods(TestMethodWorker.java:125)
                        	at org.testng.internal.TestMethodWorker.run(TestMethodWorker.java:108)
                        	at org.testng.TestRunner.privateRun(TestRunner.java:774)
                        	at org.testng.TestRunner.run(TestRunner.java:624)
                        	at org.testng.SuiteRunner.runTest(SuiteRunner.java:359)
                        	at org.testng.SuiteRunner.runSequentially(SuiteRunner.java:354)
                        	at org.testng.SuiteRunner.privateRun(SuiteRunner.java:312)
                        	at org.testng.SuiteRunner.run(SuiteRunner.java:261)
                        	at org.testng.SuiteRunnerWorker.runSuite(SuiteRunnerWorker.java:52)
                        	at org.testng.SuiteRunnerWorker.run(SuiteRunnerWorker.java:86)
                        	at org.testng.TestNG.runSuitesSequentially(TestNG.java:1215)
                        	at org.testng.TestNG.runSuitesLocally(TestNG.java:1140)
                        	at org.testng.TestNG.run(TestNG.java:1048)
                        	at org.testng.TestNG.privateMain(TestNG.java:1355)
                        	at org.testng.TestNG.main(TestNG.java:1324)
                     </pre>
                  </div>
               </td>
            </tr>
            <tr id="com.qtpselenium.zoho.project.testcases.LeadTest_convertLeadTest_byStatus_skiped_SKIP6_row"
                class="testMethodStatusSKIP">
               <td width="100%" class="firstMethodCell">
                  <a onclick="toggleDetailsVisibility('com.qtpselenium.zoho.project.testcases.LeadTest_convertLeadTest_byStatus_skiped_SKIP6_details')">convertLeadTest({LeadLastName=Chambers, Runmode=Y, LeadCompany=CISCO, Browser=Chrome})</a>
               </td>
               <td nowrap="true">12:49:31</td>
               <td nowrap="true" align="right">1 ms
                  
               </td>
               <td nowrap="true">
                  <a onclick="toggleDetailsVisibility('com.qtpselenium.zoho.project.testcases.LeadTest_convertLeadTest_byStatus_skiped_SKIP6_exception')">org.testng.SkipException: 
                     Skipping the test as runmode is N
                     
                  </a>
                   
                  
               </td>
            </tr>
            <tr>
               <td colspan="4" class="detailsBox">
                  <div id="com.qtpselenium.zoho.project.testcases.LeadTest_convertLeadTest_byStatus_skiped_SKIP6_details"
                       class="testMethodDetails">
                     <div>
                        <b>Name: </b>convertLeadTest
                     </div>
                     <div>
                        <b>Signature: </b>convertLeadTest(java.util.Hashtable)[pri:2, instance:com.qtpselenium.zoho.project.testcases.LeadTest@7d70d1b1]
                     </div>
                     <div>
                        <b>Parameters: </b>
                        
                        {LeadLastName=Chambers, Runmode=Y, LeadCompany=CISCO, Browser=Chrome}
                        
                        
                     </div>
                     <div>
                        <b>Start time: </b>12:49:31
                     </div>
                     <div>
                        <b>End time: </b>12:49:31
                     </div>
                     <div>
                        <b>Duration: </b>1 ms
                        
                     </div>
                  </div>
               </td>
            </tr>
            <tr>
               <td colspan="4" class="detailsBox">
                  <div id="com.qtpselenium.zoho.project.testcases.LeadTest_convertLeadTest_byStatus_skiped_SKIP6_exception"
                       class="testMethodDetails">
                     <pre style="padding: 5px; margin: 0;">org.testng.SkipException: Skipping the test as runmode is N
                        	at com.qtpselenium.zoho.project.testcases.LeadTest.convertLeadTest(LeadTest.java:59)
                        	at sun.reflect.NativeMethodAccessorImpl.invoke0(Native Method)
                        	at sun.reflect.NativeMethodAccessorImpl.invoke(NativeMethodAccessorImpl.java:62)
                        	at sun.reflect.DelegatingMethodAccessorImpl.invoke(DelegatingMethodAccessorImpl.java:43)
                        	at java.lang.reflect.Method.invoke(Method.java:498)
                        	at org.testng.internal.MethodInvocationHelper.invokeMethod(MethodInvocationHelper.java:85)
                        	at org.testng.internal.Invoker.invokeMethod(Invoker.java:639)
                        	at org.testng.internal.Invoker.invokeTestMethod(Invoker.java:816)
                        	at org.testng.internal.Invoker.invokeTestMethods(Invoker.java:1124)
                        	at org.testng.internal.TestMethodWorker.invokeTestMethods(TestMethodWorker.java:125)
                        	at org.testng.internal.TestMethodWorker.run(TestMethodWorker.java:108)
                        	at org.testng.TestRunner.privateRun(TestRunner.java:774)
                        	at org.testng.TestRunner.run(TestRunner.java:624)
                        	at org.testng.SuiteRunner.runTest(SuiteRunner.java:359)
                        	at org.testng.SuiteRunner.runSequentially(SuiteRunner.java:354)
                        	at org.testng.SuiteRunner.privateRun(SuiteRunner.java:312)
                        	at org.testng.SuiteRunner.run(SuiteRunner.java:261)
                        	at org.testng.SuiteRunnerWorker.runSuite(SuiteRunnerWorker.java:52)
                        	at org.testng.SuiteRunnerWorker.run(SuiteRunnerWorker.java:86)
                        	at org.testng.TestNG.runSuitesSequentially(TestNG.java:1215)
                        	at org.testng.TestNG.runSuitesLocally(TestNG.java:1140)
                        	at org.testng.TestNG.run(TestNG.java:1048)
                        	at org.testng.TestNG.privateMain(TestNG.java:1355)
                        	at org.testng.TestNG.main(TestNG.java:1324)
                     </pre>
                  </div>
               </td>
            </tr>
            <tr id="com.qtpselenium.zoho.project.testcases.LeadTest_convertLeadTest_byStatus_skiped_SKIP7_row"
                class="testMethodStatusSKIP">
               <td width="100%" class="firstMethodCell">
                  <a onclick="toggleDetailsVisibility('com.qtpselenium.zoho.project.testcases.LeadTest_convertLeadTest_byStatus_skiped_SKIP7_details')">convertLeadTest({LeadLastName=Watson, Runmode=N, LeadCompany=HP, Browser=Chrome})</a>
               </td>
               <td nowrap="true">12:49:31</td>
               <td nowrap="true" align="right">0 ms
                  
               </td>
               <td nowrap="true">
                  <a onclick="toggleDetailsVisibility('com.qtpselenium.zoho.project.testcases.LeadTest_convertLeadTest_byStatus_skiped_SKIP7_exception')">org.testng.SkipException: 
                     Skipping the test as runmode is N
                     
                  </a>
                   
                  
               </td>
            </tr>
            <tr>
               <td colspan="4" class="detailsBox">
                  <div id="com.qtpselenium.zoho.project.testcases.LeadTest_convertLeadTest_byStatus_skiped_SKIP7_details"
                       class="testMethodDetails">
                     <div>
                        <b>Name: </b>convertLeadTest
                     </div>
                     <div>
                        <b>Signature: </b>convertLeadTest(java.util.Hashtable)[pri:2, instance:com.qtpselenium.zoho.project.testcases.LeadTest@7d70d1b1]
                     </div>
                     <div>
                        <b>Parameters: </b>
                        
                        {LeadLastName=Watson, Runmode=N, LeadCompany=HP, Browser=Chrome}
                        
                        
                     </div>
                     <div>
                        <b>Start time: </b>12:49:31
                     </div>
                     <div>
                        <b>End time: </b>12:49:31
                     </div>
                     <div>
                        <b>Duration: </b>0 ms
                        
                     </div>
                  </div>
               </td>
            </tr>
            <tr>
               <td colspan="4" class="detailsBox">
                  <div id="com.qtpselenium.zoho.project.testcases.LeadTest_convertLeadTest_byStatus_skiped_SKIP7_exception"
                       class="testMethodDetails">
                     <pre style="padding: 5px; margin: 0;">org.testng.SkipException: Skipping the test as runmode is N
                        	at com.qtpselenium.zoho.project.testcases.LeadTest.convertLeadTest(LeadTest.java:59)
                        	at sun.reflect.NativeMethodAccessorImpl.invoke0(Native Method)
                        	at sun.reflect.NativeMethodAccessorImpl.invoke(NativeMethodAccessorImpl.java:62)
                        	at sun.reflect.DelegatingMethodAccessorImpl.invoke(DelegatingMethodAccessorImpl.java:43)
                        	at java.lang.reflect.Method.invoke(Method.java:498)
                        	at org.testng.internal.MethodInvocationHelper.invokeMethod(MethodInvocationHelper.java:85)
                        	at org.testng.internal.Invoker.invokeMethod(Invoker.java:639)
                        	at org.testng.internal.Invoker.invokeTestMethod(Invoker.java:816)
                        	at org.testng.internal.Invoker.invokeTestMethods(Invoker.java:1124)
                        	at org.testng.internal.TestMethodWorker.invokeTestMethods(TestMethodWorker.java:125)
                        	at org.testng.internal.TestMethodWorker.run(TestMethodWorker.java:108)
                        	at org.testng.TestRunner.privateRun(TestRunner.java:774)
                        	at org.testng.TestRunner.run(TestRunner.java:624)
                        	at org.testng.SuiteRunner.runTest(SuiteRunner.java:359)
                        	at org.testng.SuiteRunner.runSequentially(SuiteRunner.java:354)
                        	at org.testng.SuiteRunner.privateRun(SuiteRunner.java:312)
                        	at org.testng.SuiteRunner.run(SuiteRunner.java:261)
                        	at org.testng.SuiteRunnerWorker.runSuite(SuiteRunnerWorker.java:52)
                        	at org.testng.SuiteRunnerWorker.run(SuiteRunnerWorker.java:86)
                        	at org.testng.TestNG.runSuitesSequentially(TestNG.java:1215)
                        	at org.testng.TestNG.runSuitesLocally(TestNG.java:1140)
                        	at org.testng.TestNG.run(TestNG.java:1048)
                        	at org.testng.TestNG.privateMain(TestNG.java:1355)
                        	at org.testng.TestNG.main(TestNG.java:1324)
                     </pre>
                  </div>
               </td>
            </tr>
            <tr id="com.qtpselenium.zoho.project.testcases.LeadTest_convertLeadTest_byStatus_skiped_SKIP8_row"
                class="testMethodStatusSKIP">
               <td width="100%" class="firstMethodCell">
                  <a onclick="toggleDetailsVisibility('com.qtpselenium.zoho.project.testcases.LeadTest_convertLeadTest_byStatus_skiped_SKIP8_details')">convertLeadTest({LeadLastName=Sharma, Runmode=N, LeadCompany=Lenovo, Browser=Chrome})</a>
               </td>
               <td nowrap="true">12:49:31</td>
               <td nowrap="true" align="right">0 ms
                  
               </td>
               <td nowrap="true">
                  <a onclick="toggleDetailsVisibility('com.qtpselenium.zoho.project.testcases.LeadTest_convertLeadTest_byStatus_skiped_SKIP8_exception')">org.testng.SkipException: 
                     Skipping the test as runmode is N
                     
                  </a>
                   
                  
               </td>
            </tr>
            <tr>
               <td colspan="4" class="detailsBox">
                  <div id="com.qtpselenium.zoho.project.testcases.LeadTest_convertLeadTest_byStatus_skiped_SKIP8_details"
                       class="testMethodDetails">
                     <div>
                        <b>Name: </b>convertLeadTest
                     </div>
                     <div>
                        <b>Signature: </b>convertLeadTest(java.util.Hashtable)[pri:2, instance:com.qtpselenium.zoho.project.testcases.LeadTest@7d70d1b1]
                     </div>
                     <div>
                        <b>Parameters: </b>
                        
                        {LeadLastName=Sharma, Runmode=N, LeadCompany=Lenovo, Browser=Chrome}
                        
                        
                     </div>
                     <div>
                        <b>Start time: </b>12:49:31
                     </div>
                     <div>
                        <b>End time: </b>12:49:31
                     </div>
                     <div>
                        <b>Duration: </b>0 ms
                        
                     </div>
                  </div>
               </td>
            </tr>
            <tr>
               <td colspan="4" class="detailsBox">
                  <div id="com.qtpselenium.zoho.project.testcases.LeadTest_convertLeadTest_byStatus_skiped_SKIP8_exception"
                       class="testMethodDetails">
                     <pre style="padding: 5px; margin: 0;">org.testng.SkipException: Skipping the test as runmode is N
                        	at com.qtpselenium.zoho.project.testcases.LeadTest.convertLeadTest(LeadTest.java:59)
                        	at sun.reflect.NativeMethodAccessorImpl.invoke0(Native Method)
                        	at sun.reflect.NativeMethodAccessorImpl.invoke(NativeMethodAccessorImpl.java:62)
                        	at sun.reflect.DelegatingMethodAccessorImpl.invoke(DelegatingMethodAccessorImpl.java:43)
                        	at java.lang.reflect.Method.invoke(Method.java:498)
                        	at org.testng.internal.MethodInvocationHelper.invokeMethod(MethodInvocationHelper.java:85)
                        	at org.testng.internal.Invoker.invokeMethod(Invoker.java:639)
                        	at org.testng.internal.Invoker.invokeTestMethod(Invoker.java:816)
                        	at org.testng.internal.Invoker.invokeTestMethods(Invoker.java:1124)
                        	at org.testng.internal.TestMethodWorker.invokeTestMethods(TestMethodWorker.java:125)
                        	at org.testng.internal.TestMethodWorker.run(TestMethodWorker.java:108)
                        	at org.testng.TestRunner.privateRun(TestRunner.java:774)
                        	at org.testng.TestRunner.run(TestRunner.java:624)
                        	at org.testng.SuiteRunner.runTest(SuiteRunner.java:359)
                        	at org.testng.SuiteRunner.runSequentially(SuiteRunner.java:354)
                        	at org.testng.SuiteRunner.privateRun(SuiteRunner.java:312)
                        	at org.testng.SuiteRunner.run(SuiteRunner.java:261)
                        	at org.testng.SuiteRunnerWorker.runSuite(SuiteRunnerWorker.java:52)
                        	at org.testng.SuiteRunnerWorker.run(SuiteRunnerWorker.java:86)
                        	at org.testng.TestNG.runSuitesSequentially(TestNG.java:1215)
                        	at org.testng.TestNG.runSuitesLocally(TestNG.java:1140)
                        	at org.testng.TestNG.run(TestNG.java:1048)
                        	at org.testng.TestNG.privateMain(TestNG.java:1355)
                        	at org.testng.TestNG.main(TestNG.java:1324)
                     </pre>
                  </div>
               </td>
            </tr>
            <tr id="com.qtpselenium.zoho.project.testcases.LeadTest_deleteLeadAccountTest_byStatus_skiped_SKIP9_row"
                class="testMethodStatusSKIP">
               <td width="100%" class="firstMethodCell">
                  <a onclick="toggleDetailsVisibility('com.qtpselenium.zoho.project.testcases.LeadTest_deleteLeadAccountTest_byStatus_skiped_SKIP9_details')">deleteLeadAccountTest({LeadLastName=Chambers, Runmode=N, LeadCompany=CISCO, Browser=Chrome})</a>
               </td>
               <td nowrap="true">12:49:31</td>
               <td nowrap="true" align="right">0 ms
                  
               </td>
               <td nowrap="true">
                  <a onclick="toggleDetailsVisibility('com.qtpselenium.zoho.project.testcases.LeadTest_deleteLeadAccountTest_byStatus_skiped_SKIP9_exception')">org.testng.SkipException: 
                     Skipping the test as runmode is N
                     
                  </a>
                   
                  
               </td>
            </tr>
            <tr>
               <td colspan="4" class="detailsBox">
                  <div id="com.qtpselenium.zoho.project.testcases.LeadTest_deleteLeadAccountTest_byStatus_skiped_SKIP9_details"
                       class="testMethodDetails">
                     <div>
                        <b>Name: </b>deleteLeadAccountTest
                     </div>
                     <div>
                        <b>Signature: </b>deleteLeadAccountTest(java.util.Hashtable)[pri:3, instance:com.qtpselenium.zoho.project.testcases.LeadTest@7d70d1b1]
                     </div>
                     <div>
                        <b>Parameters: </b>
                        
                        {LeadLastName=Chambers, Runmode=N, LeadCompany=CISCO, Browser=Chrome}
                        
                        
                     </div>
                     <div>
                        <b>Start time: </b>12:49:31
                     </div>
                     <div>
                        <b>End time: </b>12:49:31
                     </div>
                     <div>
                        <b>Duration: </b>0 ms
                        
                     </div>
                  </div>
               </td>
            </tr>
            <tr>
               <td colspan="4" class="detailsBox">
                  <div id="com.qtpselenium.zoho.project.testcases.LeadTest_deleteLeadAccountTest_byStatus_skiped_SKIP9_exception"
                       class="testMethodDetails">
                     <pre style="padding: 5px; margin: 0;">org.testng.SkipException: Skipping the test as runmode is N
                        	at com.qtpselenium.zoho.project.testcases.LeadTest.deleteLeadAccountTest(LeadTest.java:91)
                        	at sun.reflect.NativeMethodAccessorImpl.invoke0(Native Method)
                        	at sun.reflect.NativeMethodAccessorImpl.invoke(NativeMethodAccessorImpl.java:62)
                        	at sun.reflect.DelegatingMethodAccessorImpl.invoke(DelegatingMethodAccessorImpl.java:43)
                        	at java.lang.reflect.Method.invoke(Method.java:498)
                        	at org.testng.internal.MethodInvocationHelper.invokeMethod(MethodInvocationHelper.java:85)
                        	at org.testng.internal.Invoker.invokeMethod(Invoker.java:639)
                        	at org.testng.internal.Invoker.invokeTestMethod(Invoker.java:816)
                        	at org.testng.internal.Invoker.invokeTestMethods(Invoker.java:1124)
                        	at org.testng.internal.TestMethodWorker.invokeTestMethods(TestMethodWorker.java:125)
                        	at org.testng.internal.TestMethodWorker.run(TestMethodWorker.java:108)
                        	at org.testng.TestRunner.privateRun(TestRunner.java:774)
                        	at org.testng.TestRunner.run(TestRunner.java:624)
                        	at org.testng.SuiteRunner.runTest(SuiteRunner.java:359)
                        	at org.testng.SuiteRunner.runSequentially(SuiteRunner.java:354)
                        	at org.testng.SuiteRunner.privateRun(SuiteRunner.java:312)
                        	at org.testng.SuiteRunner.run(SuiteRunner.java:261)
                        	at org.testng.SuiteRunnerWorker.runSuite(SuiteRunnerWorker.java:52)
                        	at org.testng.SuiteRunnerWorker.run(SuiteRunnerWorker.java:86)
                        	at org.testng.TestNG.runSuitesSequentially(TestNG.java:1215)
                        	at org.testng.TestNG.runSuitesLocally(TestNG.java:1140)
                        	at org.testng.TestNG.run(TestNG.java:1048)
                        	at org.testng.TestNG.privateMain(TestNG.java:1355)
                        	at org.testng.TestNG.main(TestNG.java:1324)
                     </pre>
                  </div>
               </td>
            </tr>
            <tr id="com.qtpselenium.zoho.project.testcases.LeadTest_deleteLeadAccountTest_byStatus_skiped_SKIP10_row"
                class="testMethodStatusSKIP">
               <td width="100%" class="firstMethodCell">
                  <a onclick="toggleDetailsVisibility('com.qtpselenium.zoho.project.testcases.LeadTest_deleteLeadAccountTest_byStatus_skiped_SKIP10_details')">deleteLeadAccountTest({LeadLastName=Kohli, Runmode=Y, LeadCompany=Samsung, Browser=Chrome})</a>
               </td>
               <td nowrap="true">12:49:31</td>
               <td nowrap="true" align="right">1 ms
                  
               </td>
               <td nowrap="true">
                  <a onclick="toggleDetailsVisibility('com.qtpselenium.zoho.project.testcases.LeadTest_deleteLeadAccountTest_byStatus_skiped_SKIP10_exception')">org.testng.SkipException: 
                     Skipping the test as runmode is N
                     
                  </a>
                   
                  
               </td>
            </tr>
            <tr>
               <td colspan="4" class="detailsBox">
                  <div id="com.qtpselenium.zoho.project.testcases.LeadTest_deleteLeadAccountTest_byStatus_skiped_SKIP10_details"
                       class="testMethodDetails">
                     <div>
                        <b>Name: </b>deleteLeadAccountTest
                     </div>
                     <div>
                        <b>Signature: </b>deleteLeadAccountTest(java.util.Hashtable)[pri:3, instance:com.qtpselenium.zoho.project.testcases.LeadTest@7d70d1b1]
                     </div>
                     <div>
                        <b>Parameters: </b>
                        
                        {LeadLastName=Kohli, Runmode=Y, LeadCompany=Samsung, Browser=Chrome}
                        
                        
                     </div>
                     <div>
                        <b>Start time: </b>12:49:31
                     </div>
                     <div>
                        <b>End time: </b>12:49:31
                     </div>
                     <div>
                        <b>Duration: </b>1 ms
                        
                     </div>
                  </div>
               </td>
            </tr>
            <tr>
               <td colspan="4" class="detailsBox">
                  <div id="com.qtpselenium.zoho.project.testcases.LeadTest_deleteLeadAccountTest_byStatus_skiped_SKIP10_exception"
                       class="testMethodDetails">
                     <pre style="padding: 5px; margin: 0;">org.testng.SkipException: Skipping the test as runmode is N
                        	at com.qtpselenium.zoho.project.testcases.LeadTest.deleteLeadAccountTest(LeadTest.java:91)
                        	at sun.reflect.NativeMethodAccessorImpl.invoke0(Native Method)
                        	at sun.reflect.NativeMethodAccessorImpl.invoke(NativeMethodAccessorImpl.java:62)
                        	at sun.reflect.DelegatingMethodAccessorImpl.invoke(DelegatingMethodAccessorImpl.java:43)
                        	at java.lang.reflect.Method.invoke(Method.java:498)
                        	at org.testng.internal.MethodInvocationHelper.invokeMethod(MethodInvocationHelper.java:85)
                        	at org.testng.internal.Invoker.invokeMethod(Invoker.java:639)
                        	at org.testng.internal.Invoker.invokeTestMethod(Invoker.java:816)
                        	at org.testng.internal.Invoker.invokeTestMethods(Invoker.java:1124)
                        	at org.testng.internal.TestMethodWorker.invokeTestMethods(TestMethodWorker.java:125)
                        	at org.testng.internal.TestMethodWorker.run(TestMethodWorker.java:108)
                        	at org.testng.TestRunner.privateRun(TestRunner.java:774)
                        	at org.testng.TestRunner.run(TestRunner.java:624)
                        	at org.testng.SuiteRunner.runTest(SuiteRunner.java:359)
                        	at org.testng.SuiteRunner.runSequentially(SuiteRunner.java:354)
                        	at org.testng.SuiteRunner.privateRun(SuiteRunner.java:312)
                        	at org.testng.SuiteRunner.run(SuiteRunner.java:261)
                        	at org.testng.SuiteRunnerWorker.runSuite(SuiteRunnerWorker.java:52)
                        	at org.testng.SuiteRunnerWorker.run(SuiteRunnerWorker.java:86)
                        	at org.testng.TestNG.runSuitesSequentially(TestNG.java:1215)
                        	at org.testng.TestNG.runSuitesLocally(TestNG.java:1140)
                        	at org.testng.TestNG.run(TestNG.java:1048)
                        	at org.testng.TestNG.privateMain(TestNG.java:1355)
                        	at org.testng.TestNG.main(TestNG.java:1324)
                     </pre>
                  </div>
               </td>
            </tr>
         </table>
      </div>
      <div id="testMethodsByClass" style="display: none;">
         <table class="testMethodsTable" cellpadding="0" cellspacing="0">
            <tr>
               <td colspan="4">
                  <h3 style="display: inline;">com.qtpselenium.zoho.project.testcases.LeadTest</h3>
               </td>
            </tr>
            <tr class="methodsTableHeader">
               <td width="100%">Name</td>
               <td nowrap="true">Started</td>
               <td nowrap="true">Duration</td>
               <td>Exception</td>
            </tr>
            <tr id="com.qtpselenium.zoho.project.testcases.LeadTest_init_byClass_PASS1_row"
                class="testMethodStatusPASS testMethodStatusCONF">
               <td width="100%" class="firstMethodCell">
                  <a onclick="toggleDetailsVisibility('com.qtpselenium.zoho.project.testcases.LeadTest_init_byClass_PASS1_details')">init()</a>
               </td>
               <td nowrap="true">12:49:31</td>
               <td nowrap="true" align="right">0 ms
                  
               </td>
               <td nowrap="true">
                   
                  
               </td>
            </tr>
            <tr>
               <td colspan="4" class="detailsBox">
                  <div id="com.qtpselenium.zoho.project.testcases.LeadTest_init_byClass_PASS1_details"
                       class="testMethodDetails">
                     <div>
                        <b>Name: </b>init
                     </div>
                     <div>
                        <b>Signature: </b>init()[pri:0, instance:com.qtpselenium.zoho.project.testcases.LeadTest@7d70d1b1]
                     </div>
                     <div>
                        <b>Start time: </b>12:49:31
                     </div>
                     <div>
                        <b>End time: </b>12:49:31
                     </div>
                     <div>
                        <b>Duration: </b>0 ms
                        
                     </div>
                  </div>
               </td>
            </tr>
            <tr></tr>
            <tr id="com.qtpselenium.zoho.project.testcases.LeadTest_createLeadTest_byClass_SKIP2_row"
                class="testMethodStatusSKIP">
               <td width="100%" class="firstMethodCell">
                  <a onclick="toggleDetailsVisibility('com.qtpselenium.zoho.project.testcases.LeadTest_createLeadTest_byClass_SKIP2_details')">createLeadTest({LeadLastName=Wilson, Runmode=N, LeadCompany=Samsung, Browser=Mozilla})</a>
               </td>
               <td nowrap="true">12:49:31</td>
               <td nowrap="true" align="right">0 ms
                  
               </td>
               <td nowrap="true">
                  <a onclick="toggleDetailsVisibility('com.qtpselenium.zoho.project.testcases.LeadTest_createLeadTest_byClass_SKIP2_exception')">org.testng.SkipException: 
                     Skipping the test as runmode is N
                     
                  </a>
                   
                  
               </td>
            </tr>
            <tr>
               <td colspan="4" class="detailsBox">
                  <div id="com.qtpselenium.zoho.project.testcases.LeadTest_createLeadTest_byClass_SKIP2_details"
                       class="testMethodDetails">
                     <div>
                        <b>Name: </b>createLeadTest
                     </div>
                     <div>
                        <b>Signature: </b>createLeadTest(java.util.Hashtable)[pri:1, instance:com.qtpselenium.zoho.project.testcases.LeadTest@7d70d1b1]
                     </div>
                     <div>
                        <b>Parameters: </b>
                        
                        {LeadLastName=Wilson, Runmode=N, LeadCompany=Samsung, Browser=Mozilla}
                        
                        
                     </div>
                     <div>
                        <b>Start time: </b>12:49:31
                     </div>
                     <div>
                        <b>End time: </b>12:49:31
                     </div>
                     <div>
                        <b>Duration: </b>0 ms
                        
                     </div>
                  </div>
               </td>
            </tr>
            <tr>
               <td colspan="4" class="detailsBox">
                  <div id="com.qtpselenium.zoho.project.testcases.LeadTest_createLeadTest_byClass_SKIP2_exception"
                       class="testMethodDetails">
                     <pre style="padding: 5px; margin: 0;">org.testng.SkipException: Skipping the test as runmode is N
                        	at com.qtpselenium.zoho.project.testcases.LeadTest.createLeadTest(LeadTest.java:29)
                        	at sun.reflect.NativeMethodAccessorImpl.invoke0(Native Method)
                        	at sun.reflect.NativeMethodAccessorImpl.invoke(NativeMethodAccessorImpl.java:62)
                        	at sun.reflect.DelegatingMethodAccessorImpl.invoke(DelegatingMethodAccessorImpl.java:43)
                        	at java.lang.reflect.Method.invoke(Method.java:498)
                        	at org.testng.internal.MethodInvocationHelper.invokeMethod(MethodInvocationHelper.java:85)
                        	at org.testng.internal.Invoker.invokeMethod(Invoker.java:639)
                        	at org.testng.internal.Invoker.invokeTestMethod(Invoker.java:816)
                        	at org.testng.internal.Invoker.invokeTestMethods(Invoker.java:1124)
                        	at org.testng.internal.TestMethodWorker.invokeTestMethods(TestMethodWorker.java:125)
                        	at org.testng.internal.TestMethodWorker.run(TestMethodWorker.java:108)
                        	at org.testng.TestRunner.privateRun(TestRunner.java:774)
                        	at org.testng.TestRunner.run(TestRunner.java:624)
                        	at org.testng.SuiteRunner.runTest(SuiteRunner.java:359)
                        	at org.testng.SuiteRunner.runSequentially(SuiteRunner.java:354)
                        	at org.testng.SuiteRunner.privateRun(SuiteRunner.java:312)
                        	at org.testng.SuiteRunner.run(SuiteRunner.java:261)
                        	at org.testng.SuiteRunnerWorker.runSuite(SuiteRunnerWorker.java:52)
                        	at org.testng.SuiteRunnerWorker.run(SuiteRunnerWorker.java:86)
                        	at org.testng.TestNG.runSuitesSequentially(TestNG.java:1215)
                        	at org.testng.TestNG.runSuitesLocally(TestNG.java:1140)
                        	at org.testng.TestNG.run(TestNG.java:1048)
                        	at org.testng.TestNG.privateMain(TestNG.java:1355)
                        	at org.testng.TestNG.main(TestNG.java:1324)
                     </pre>
                  </div>
               </td>
            </tr>
            <tr id="com.qtpselenium.zoho.project.testcases.LeadTest_quit_byClass_PASS3_row"
                class="testMethodStatusPASS testMethodStatusCONF">
               <td width="100%" class="firstMethodCell">
                  <a onclick="toggleDetailsVisibility('com.qtpselenium.zoho.project.testcases.LeadTest_quit_byClass_PASS3_details')">quit()</a>
               </td>
               <td nowrap="true">12:49:31</td>
               <td nowrap="true" align="right">26 ms
                  
               </td>
               <td nowrap="true">
                   
                  
               </td>
            </tr>
            <tr>
               <td colspan="4" class="detailsBox">
                  <div id="com.qtpselenium.zoho.project.testcases.LeadTest_quit_byClass_PASS3_details"
                       class="testMethodDetails">
                     <div>
                        <b>Name: </b>quit
                     </div>
                     <div>
                        <b>Signature: </b>quit()[pri:0, instance:com.qtpselenium.zoho.project.testcases.LeadTest@7d70d1b1]
                     </div>
                     <div>
                        <b>Start time: </b>12:49:31
                     </div>
                     <div>
                        <b>End time: </b>12:49:31
                     </div>
                     <div>
                        <b>Duration: </b>26 ms
                        
                     </div>
                  </div>
               </td>
            </tr>
            <tr></tr>
            <tr id="com.qtpselenium.zoho.project.testcases.LeadTest_init_byClass_PASS4_row"
                class="testMethodStatusPASS testMethodStatusCONF">
               <td width="100%" class="firstMethodCell">
                  <a onclick="toggleDetailsVisibility('com.qtpselenium.zoho.project.testcases.LeadTest_init_byClass_PASS4_details')">init()</a>
               </td>
               <td nowrap="true">12:49:31</td>
               <td nowrap="true" align="right">1 ms
                  
               </td>
               <td nowrap="true">
                   
                  
               </td>
            </tr>
            <tr>
               <td colspan="4" class="detailsBox">
                  <div id="com.qtpselenium.zoho.project.testcases.LeadTest_init_byClass_PASS4_details"
                       class="testMethodDetails">
                     <div>
                        <b>Name: </b>init
                     </div>
                     <div>
                        <b>Signature: </b>init()[pri:0, instance:com.qtpselenium.zoho.project.testcases.LeadTest@7d70d1b1]
                     </div>
                     <div>
                        <b>Start time: </b>12:49:31
                     </div>
                     <div>
                        <b>End time: </b>12:49:31
                     </div>
                     <div>
                        <b>Duration: </b>1 ms
                        
                     </div>
                  </div>
               </td>
            </tr>
            <tr></tr>
            <tr id="com.qtpselenium.zoho.project.testcases.LeadTest_createLeadTest_byClass_SKIP5_row"
                class="testMethodStatusSKIP">
               <td width="100%" class="firstMethodCell">
                  <a onclick="toggleDetailsVisibility('com.qtpselenium.zoho.project.testcases.LeadTest_createLeadTest_byClass_SKIP5_details')">createLeadTest({LeadLastName=Chambers, Runmode=Y, LeadCompany=CISCO, Browser=Chrome})</a>
               </td>
               <td nowrap="true">12:49:31</td>
               <td nowrap="true" align="right">4 ms
                  
               </td>
               <td nowrap="true">
                  <a onclick="toggleDetailsVisibility('com.qtpselenium.zoho.project.testcases.LeadTest_createLeadTest_byClass_SKIP5_exception')">org.testng.SkipException: 
                     Skipping the test as runmode is N
                     
                  </a>
                   
                  
               </td>
            </tr>
            <tr>
               <td colspan="4" class="detailsBox">
                  <div id="com.qtpselenium.zoho.project.testcases.LeadTest_createLeadTest_byClass_SKIP5_details"
                       class="testMethodDetails">
                     <div>
                        <b>Name: </b>createLeadTest
                     </div>
                     <div>
                        <b>Signature: </b>createLeadTest(java.util.Hashtable)[pri:1, instance:com.qtpselenium.zoho.project.testcases.LeadTest@7d70d1b1]
                     </div>
                     <div>
                        <b>Parameters: </b>
                        
                        {LeadLastName=Chambers, Runmode=Y, LeadCompany=CISCO, Browser=Chrome}
                        
                        
                     </div>
                     <div>
                        <b>Start time: </b>12:49:31
                     </div>
                     <div>
                        <b>End time: </b>12:49:31
                     </div>
                     <div>
                        <b>Duration: </b>4 ms
                        
                     </div>
                  </div>
               </td>
            </tr>
            <tr>
               <td colspan="4" class="detailsBox">
                  <div id="com.qtpselenium.zoho.project.testcases.LeadTest_createLeadTest_byClass_SKIP5_exception"
                       class="testMethodDetails">
                     <pre style="padding: 5px; margin: 0;">org.testng.SkipException: Skipping the test as runmode is N
                        	at com.qtpselenium.zoho.project.testcases.LeadTest.createLeadTest(LeadTest.java:29)
                        	at sun.reflect.NativeMethodAccessorImpl.invoke0(Native Method)
                        	at sun.reflect.NativeMethodAccessorImpl.invoke(NativeMethodAccessorImpl.java:62)
                        	at sun.reflect.DelegatingMethodAccessorImpl.invoke(DelegatingMethodAccessorImpl.java:43)
                        	at java.lang.reflect.Method.invoke(Method.java:498)
                        	at org.testng.internal.MethodInvocationHelper.invokeMethod(MethodInvocationHelper.java:85)
                        	at org.testng.internal.Invoker.invokeMethod(Invoker.java:639)
                        	at org.testng.internal.Invoker.invokeTestMethod(Invoker.java:816)
                        	at org.testng.internal.Invoker.invokeTestMethods(Invoker.java:1124)
                        	at org.testng.internal.TestMethodWorker.invokeTestMethods(TestMethodWorker.java:125)
                        	at org.testng.internal.TestMethodWorker.run(TestMethodWorker.java:108)
                        	at org.testng.TestRunner.privateRun(TestRunner.java:774)
                        	at org.testng.TestRunner.run(TestRunner.java:624)
                        	at org.testng.SuiteRunner.runTest(SuiteRunner.java:359)
                        	at org.testng.SuiteRunner.runSequentially(SuiteRunner.java:354)
                        	at org.testng.SuiteRunner.privateRun(SuiteRunner.java:312)
                        	at org.testng.SuiteRunner.run(SuiteRunner.java:261)
                        	at org.testng.SuiteRunnerWorker.runSuite(SuiteRunnerWorker.java:52)
                        	at org.testng.SuiteRunnerWorker.run(SuiteRunnerWorker.java:86)
                        	at org.testng.TestNG.runSuitesSequentially(TestNG.java:1215)
                        	at org.testng.TestNG.runSuitesLocally(TestNG.java:1140)
                        	at org.testng.TestNG.run(TestNG.java:1048)
                        	at org.testng.TestNG.privateMain(TestNG.java:1355)
                        	at org.testng.TestNG.main(TestNG.java:1324)
                     </pre>
                  </div>
               </td>
            </tr>
            <tr id="com.qtpselenium.zoho.project.testcases.LeadTest_quit_byClass_PASS6_row"
                class="testMethodStatusPASS testMethodStatusCONF">
               <td width="100%" class="firstMethodCell">
                  <a onclick="toggleDetailsVisibility('com.qtpselenium.zoho.project.testcases.LeadTest_quit_byClass_PASS6_details')">quit()</a>
               </td>
               <td nowrap="true">12:49:31</td>
               <td nowrap="true" align="right">29 ms
                  
               </td>
               <td nowrap="true">
                   
                  
               </td>
            </tr>
            <tr>
               <td colspan="4" class="detailsBox">
                  <div id="com.qtpselenium.zoho.project.testcases.LeadTest_quit_byClass_PASS6_details"
                       class="testMethodDetails">
                     <div>
                        <b>Name: </b>quit
                     </div>
                     <div>
                        <b>Signature: </b>quit()[pri:0, instance:com.qtpselenium.zoho.project.testcases.LeadTest@7d70d1b1]
                     </div>
                     <div>
                        <b>Start time: </b>12:49:31
                     </div>
                     <div>
                        <b>End time: </b>12:49:31
                     </div>
                     <div>
                        <b>Duration: </b>29 ms
                        
                     </div>
                  </div>
               </td>
            </tr>
            <tr></tr>
            <tr id="com.qtpselenium.zoho.project.testcases.LeadTest_quit_byClass_PASS7_row"
                class="testMethodStatusPASS testMethodStatusCONF">
               <td width="100%" class="firstMethodCell">
                  <a onclick="toggleDetailsVisibility('com.qtpselenium.zoho.project.testcases.LeadTest_quit_byClass_PASS7_details')">quit()</a>
               </td>
               <td nowrap="true">12:49:31</td>
               <td nowrap="true" align="right">21 ms
                  
               </td>
               <td nowrap="true">
                   
                  
               </td>
            </tr>
            <tr>
               <td colspan="4" class="detailsBox">
                  <div id="com.qtpselenium.zoho.project.testcases.LeadTest_quit_byClass_PASS7_details"
                       class="testMethodDetails">
                     <div>
                        <b>Name: </b>quit
                     </div>
                     <div>
                        <b>Signature: </b>quit()[pri:0, instance:com.qtpselenium.zoho.project.testcases.LeadTest@7d70d1b1]
                     </div>
                     <div>
                        <b>Start time: </b>12:49:31
                     </div>
                     <div>
                        <b>End time: </b>12:49:31
                     </div>
                     <div>
                        <b>Duration: </b>21 ms
                        
                     </div>
                  </div>
               </td>
            </tr>
            <tr></tr>
            <tr id="com.qtpselenium.zoho.project.testcases.LeadTest_createLeadTest_byClass_SKIP8_row"
                class="testMethodStatusSKIP">
               <td width="100%" class="firstMethodCell">
                  <a onclick="toggleDetailsVisibility('com.qtpselenium.zoho.project.testcases.LeadTest_createLeadTest_byClass_SKIP8_details')">createLeadTest({LeadLastName=Watson, Runmode=N, LeadCompany=HP, Browser=Chrome})</a>
               </td>
               <td nowrap="true">12:49:31</td>
               <td nowrap="true" align="right">0 ms
                  
               </td>
               <td nowrap="true">
                  <a onclick="toggleDetailsVisibility('com.qtpselenium.zoho.project.testcases.LeadTest_createLeadTest_byClass_SKIP8_exception')">org.testng.SkipException: 
                     Skipping the test as runmode is N
                     
                  </a>
                   
                  
               </td>
            </tr>
            <tr>
               <td colspan="4" class="detailsBox">
                  <div id="com.qtpselenium.zoho.project.testcases.LeadTest_createLeadTest_byClass_SKIP8_details"
                       class="testMethodDetails">
                     <div>
                        <b>Name: </b>createLeadTest
                     </div>
                     <div>
                        <b>Signature: </b>createLeadTest(java.util.Hashtable)[pri:1, instance:com.qtpselenium.zoho.project.testcases.LeadTest@7d70d1b1]
                     </div>
                     <div>
                        <b>Parameters: </b>
                        
                        {LeadLastName=Watson, Runmode=N, LeadCompany=HP, Browser=Chrome}
                        
                        
                     </div>
                     <div>
                        <b>Start time: </b>12:49:31
                     </div>
                     <div>
                        <b>End time: </b>12:49:31
                     </div>
                     <div>
                        <b>Duration: </b>0 ms
                        
                     </div>
                  </div>
               </td>
            </tr>
            <tr>
               <td colspan="4" class="detailsBox">
                  <div id="com.qtpselenium.zoho.project.testcases.LeadTest_createLeadTest_byClass_SKIP8_exception"
                       class="testMethodDetails">
                     <pre style="padding: 5px; margin: 0;">org.testng.SkipException: Skipping the test as runmode is N
                        	at com.qtpselenium.zoho.project.testcases.LeadTest.createLeadTest(LeadTest.java:29)
                        	at sun.reflect.NativeMethodAccessorImpl.invoke0(Native Method)
                        	at sun.reflect.NativeMethodAccessorImpl.invoke(NativeMethodAccessorImpl.java:62)
                        	at sun.reflect.DelegatingMethodAccessorImpl.invoke(DelegatingMethodAccessorImpl.java:43)
                        	at java.lang.reflect.Method.invoke(Method.java:498)
                        	at org.testng.internal.MethodInvocationHelper.invokeMethod(MethodInvocationHelper.java:85)
                        	at org.testng.internal.Invoker.invokeMethod(Invoker.java:639)
                        	at org.testng.internal.Invoker.invokeTestMethod(Invoker.java:816)
                        	at org.testng.internal.Invoker.invokeTestMethods(Invoker.java:1124)
                        	at org.testng.internal.TestMethodWorker.invokeTestMethods(TestMethodWorker.java:125)
                        	at org.testng.internal.TestMethodWorker.run(TestMethodWorker.java:108)
                        	at org.testng.TestRunner.privateRun(TestRunner.java:774)
                        	at org.testng.TestRunner.run(TestRunner.java:624)
                        	at org.testng.SuiteRunner.runTest(SuiteRunner.java:359)
                        	at org.testng.SuiteRunner.runSequentially(SuiteRunner.java:354)
                        	at org.testng.SuiteRunner.privateRun(SuiteRunner.java:312)
                        	at org.testng.SuiteRunner.run(SuiteRunner.java:261)
                        	at org.testng.SuiteRunnerWorker.runSuite(SuiteRunnerWorker.java:52)
                        	at org.testng.SuiteRunnerWorker.run(SuiteRunnerWorker.java:86)
                        	at org.testng.TestNG.runSuitesSequentially(TestNG.java:1215)
                        	at org.testng.TestNG.runSuitesLocally(TestNG.java:1140)
                        	at org.testng.TestNG.run(TestNG.java:1048)
                        	at org.testng.TestNG.privateMain(TestNG.java:1355)
                        	at org.testng.TestNG.main(TestNG.java:1324)
                     </pre>
                  </div>
               </td>
            </tr>
            <tr id="com.qtpselenium.zoho.project.testcases.LeadTest_init_byClass_PASS9_row"
                class="testMethodStatusPASS testMethodStatusCONF">
               <td width="100%" class="firstMethodCell">
                  <a onclick="toggleDetailsVisibility('com.qtpselenium.zoho.project.testcases.LeadTest_init_byClass_PASS9_details')">init()</a>
               </td>
               <td nowrap="true">12:49:31</td>
               <td nowrap="true" align="right">0 ms
                  
               </td>
               <td nowrap="true">
                   
                  
               </td>
            </tr>
            <tr>
               <td colspan="4" class="detailsBox">
                  <div id="com.qtpselenium.zoho.project.testcases.LeadTest_init_byClass_PASS9_details"
                       class="testMethodDetails">
                     <div>
                        <b>Name: </b>init
                     </div>
                     <div>
                        <b>Signature: </b>init()[pri:0, instance:com.qtpselenium.zoho.project.testcases.LeadTest@7d70d1b1]
                     </div>
                     <div>
                        <b>Start time: </b>12:49:31
                     </div>
                     <div>
                        <b>End time: </b>12:49:31
                     </div>
                     <div>
                        <b>Duration: </b>0 ms
                        
                     </div>
                  </div>
               </td>
            </tr>
            <tr></tr>
            <tr id="com.qtpselenium.zoho.project.testcases.LeadTest_init_byClass_PASS10_row"
                class="testMethodStatusPASS testMethodStatusCONF">
               <td width="100%" class="firstMethodCell">
                  <a onclick="toggleDetailsVisibility('com.qtpselenium.zoho.project.testcases.LeadTest_init_byClass_PASS10_details')">init()</a>
               </td>
               <td nowrap="true">12:49:31</td>
               <td nowrap="true" align="right">0 ms
                  
               </td>
               <td nowrap="true">
                   
                  
               </td>
            </tr>
            <tr>
               <td colspan="4" class="detailsBox">
                  <div id="com.qtpselenium.zoho.project.testcases.LeadTest_init_byClass_PASS10_details"
                       class="testMethodDetails">
                     <div>
                        <b>Name: </b>init
                     </div>
                     <div>
                        <b>Signature: </b>init()[pri:0, instance:com.qtpselenium.zoho.project.testcases.LeadTest@7d70d1b1]
                     </div>
                     <div>
                        <b>Start time: </b>12:49:31
                     </div>
                     <div>
                        <b>End time: </b>12:49:31
                     </div>
                     <div>
                        <b>Duration: </b>0 ms
                        
                     </div>
                  </div>
               </td>
            </tr>
            <tr></tr>
            <tr id="com.qtpselenium.zoho.project.testcases.LeadTest_createLeadTest_byClass_SKIP11_row"
                class="testMethodStatusSKIP">
               <td width="100%" class="firstMethodCell">
                  <a onclick="toggleDetailsVisibility('com.qtpselenium.zoho.project.testcases.LeadTest_createLeadTest_byClass_SKIP11_details')">createLeadTest({LeadLastName=Sharma, Runmode=N, LeadCompany=Lenovo, Browser=Chrome})</a>
               </td>
               <td nowrap="true">12:49:31</td>
               <td nowrap="true" align="right">1 ms
                  
               </td>
               <td nowrap="true">
                  <a onclick="toggleDetailsVisibility('com.qtpselenium.zoho.project.testcases.LeadTest_createLeadTest_byClass_SKIP11_exception')">org.testng.SkipException: 
                     Skipping the test as runmode is N
                     
                  </a>
                   
                  
               </td>
            </tr>
            <tr>
               <td colspan="4" class="detailsBox">
                  <div id="com.qtpselenium.zoho.project.testcases.LeadTest_createLeadTest_byClass_SKIP11_details"
                       class="testMethodDetails">
                     <div>
                        <b>Name: </b>createLeadTest
                     </div>
                     <div>
                        <b>Signature: </b>createLeadTest(java.util.Hashtable)[pri:1, instance:com.qtpselenium.zoho.project.testcases.LeadTest@7d70d1b1]
                     </div>
                     <div>
                        <b>Parameters: </b>
                        
                        {LeadLastName=Sharma, Runmode=N, LeadCompany=Lenovo, Browser=Chrome}
                        
                        
                     </div>
                     <div>
                        <b>Start time: </b>12:49:31
                     </div>
                     <div>
                        <b>End time: </b>12:49:31
                     </div>
                     <div>
                        <b>Duration: </b>1 ms
                        
                     </div>
                  </div>
               </td>
            </tr>
            <tr>
               <td colspan="4" class="detailsBox">
                  <div id="com.qtpselenium.zoho.project.testcases.LeadTest_createLeadTest_byClass_SKIP11_exception"
                       class="testMethodDetails">
                     <pre style="padding: 5px; margin: 0;">org.testng.SkipException: Skipping the test as runmode is N
                        	at com.qtpselenium.zoho.project.testcases.LeadTest.createLeadTest(LeadTest.java:29)
                        	at sun.reflect.NativeMethodAccessorImpl.invoke0(Native Method)
                        	at sun.reflect.NativeMethodAccessorImpl.invoke(NativeMethodAccessorImpl.java:62)
                        	at sun.reflect.DelegatingMethodAccessorImpl.invoke(DelegatingMethodAccessorImpl.java:43)
                        	at java.lang.reflect.Method.invoke(Method.java:498)
                        	at org.testng.internal.MethodInvocationHelper.invokeMethod(MethodInvocationHelper.java:85)
                        	at org.testng.internal.Invoker.invokeMethod(Invoker.java:639)
                        	at org.testng.internal.Invoker.invokeTestMethod(Invoker.java:816)
                        	at org.testng.internal.Invoker.invokeTestMethods(Invoker.java:1124)
                        	at org.testng.internal.TestMethodWorker.invokeTestMethods(TestMethodWorker.java:125)
                        	at org.testng.internal.TestMethodWorker.run(TestMethodWorker.java:108)
                        	at org.testng.TestRunner.privateRun(TestRunner.java:774)
                        	at org.testng.TestRunner.run(TestRunner.java:624)
                        	at org.testng.SuiteRunner.runTest(SuiteRunner.java:359)
                        	at org.testng.SuiteRunner.runSequentially(SuiteRunner.java:354)
                        	at org.testng.SuiteRunner.privateRun(SuiteRunner.java:312)
                        	at org.testng.SuiteRunner.run(SuiteRunner.java:261)
                        	at org.testng.SuiteRunnerWorker.runSuite(SuiteRunnerWorker.java:52)
                        	at org.testng.SuiteRunnerWorker.run(SuiteRunnerWorker.java:86)
                        	at org.testng.TestNG.runSuitesSequentially(TestNG.java:1215)
                        	at org.testng.TestNG.runSuitesLocally(TestNG.java:1140)
                        	at org.testng.TestNG.run(TestNG.java:1048)
                        	at org.testng.TestNG.privateMain(TestNG.java:1355)
                        	at org.testng.TestNG.main(TestNG.java:1324)
                     </pre>
                  </div>
               </td>
            </tr>
            <tr id="com.qtpselenium.zoho.project.testcases.LeadTest_quit_byClass_PASS12_row"
                class="testMethodStatusPASS testMethodStatusCONF">
               <td width="100%" class="firstMethodCell">
                  <a onclick="toggleDetailsVisibility('com.qtpselenium.zoho.project.testcases.LeadTest_quit_byClass_PASS12_details')">quit()</a>
               </td>
               <td nowrap="true">12:49:31</td>
               <td nowrap="true" align="right">25 ms
                  
               </td>
               <td nowrap="true">
                   
                  
               </td>
            </tr>
            <tr>
               <td colspan="4" class="detailsBox">
                  <div id="com.qtpselenium.zoho.project.testcases.LeadTest_quit_byClass_PASS12_details"
                       class="testMethodDetails">
                     <div>
                        <b>Name: </b>quit
                     </div>
                     <div>
                        <b>Signature: </b>quit()[pri:0, instance:com.qtpselenium.zoho.project.testcases.LeadTest@7d70d1b1]
                     </div>
                     <div>
                        <b>Start time: </b>12:49:31
                     </div>
                     <div>
                        <b>End time: </b>12:49:31
                     </div>
                     <div>
                        <b>Duration: </b>25 ms
                        
                     </div>
                  </div>
               </td>
            </tr>
            <tr></tr>
            <tr id="com.qtpselenium.zoho.project.testcases.LeadTest_convertLeadTest_byClass_SKIP13_row"
                class="testMethodStatusSKIP">
               <td width="100%" class="firstMethodCell">
                  <a onclick="toggleDetailsVisibility('com.qtpselenium.zoho.project.testcases.LeadTest_convertLeadTest_byClass_SKIP13_details')">convertLeadTest({LeadLastName=Wilson, Runmode=N, LeadCompany=Samsung, Browser=Mozilla})</a>
               </td>
               <td nowrap="true">12:49:31</td>
               <td nowrap="true" align="right">0 ms
                  
               </td>
               <td nowrap="true">
                  <a onclick="toggleDetailsVisibility('com.qtpselenium.zoho.project.testcases.LeadTest_convertLeadTest_byClass_SKIP13_exception')">org.testng.SkipException: 
                     Skipping the test as runmode is N
                     
                  </a>
                   
                  
               </td>
            </tr>
            <tr>
               <td colspan="4" class="detailsBox">
                  <div id="com.qtpselenium.zoho.project.testcases.LeadTest_convertLeadTest_byClass_SKIP13_details"
                       class="testMethodDetails">
                     <div>
                        <b>Name: </b>convertLeadTest
                     </div>
                     <div>
                        <b>Signature: </b>convertLeadTest(java.util.Hashtable)[pri:2, instance:com.qtpselenium.zoho.project.testcases.LeadTest@7d70d1b1]
                     </div>
                     <div>
                        <b>Parameters: </b>
                        
                        {LeadLastName=Wilson, Runmode=N, LeadCompany=Samsung, Browser=Mozilla}
                        
                        
                     </div>
                     <div>
                        <b>Start time: </b>12:49:31
                     </div>
                     <div>
                        <b>End time: </b>12:49:31
                     </div>
                     <div>
                        <b>Duration: </b>0 ms
                        
                     </div>
                  </div>
               </td>
            </tr>
            <tr>
               <td colspan="4" class="detailsBox">
                  <div id="com.qtpselenium.zoho.project.testcases.LeadTest_convertLeadTest_byClass_SKIP13_exception"
                       class="testMethodDetails">
                     <pre style="padding: 5px; margin: 0;">org.testng.SkipException: Skipping the test as runmode is N
                        	at com.qtpselenium.zoho.project.testcases.LeadTest.convertLeadTest(LeadTest.java:59)
                        	at sun.reflect.NativeMethodAccessorImpl.invoke0(Native Method)
                        	at sun.reflect.NativeMethodAccessorImpl.invoke(NativeMethodAccessorImpl.java:62)
                        	at sun.reflect.DelegatingMethodAccessorImpl.invoke(DelegatingMethodAccessorImpl.java:43)
                        	at java.lang.reflect.Method.invoke(Method.java:498)
                        	at org.testng.internal.MethodInvocationHelper.invokeMethod(MethodInvocationHelper.java:85)
                        	at org.testng.internal.Invoker.invokeMethod(Invoker.java:639)
                        	at org.testng.internal.Invoker.invokeTestMethod(Invoker.java:816)
                        	at org.testng.internal.Invoker.invokeTestMethods(Invoker.java:1124)
                        	at org.testng.internal.TestMethodWorker.invokeTestMethods(TestMethodWorker.java:125)
                        	at org.testng.internal.TestMethodWorker.run(TestMethodWorker.java:108)
                        	at org.testng.TestRunner.privateRun(TestRunner.java:774)
                        	at org.testng.TestRunner.run(TestRunner.java:624)
                        	at org.testng.SuiteRunner.runTest(SuiteRunner.java:359)
                        	at org.testng.SuiteRunner.runSequentially(SuiteRunner.java:354)
                        	at org.testng.SuiteRunner.privateRun(SuiteRunner.java:312)
                        	at org.testng.SuiteRunner.run(SuiteRunner.java:261)
                        	at org.testng.SuiteRunnerWorker.runSuite(SuiteRunnerWorker.java:52)
                        	at org.testng.SuiteRunnerWorker.run(SuiteRunnerWorker.java:86)
                        	at org.testng.TestNG.runSuitesSequentially(TestNG.java:1215)
                        	at org.testng.TestNG.runSuitesLocally(TestNG.java:1140)
                        	at org.testng.TestNG.run(TestNG.java:1048)
                        	at org.testng.TestNG.privateMain(TestNG.java:1355)
                        	at org.testng.TestNG.main(TestNG.java:1324)
                     </pre>
                  </div>
               </td>
            </tr>
            <tr id="com.qtpselenium.zoho.project.testcases.LeadTest_init_byClass_PASS14_row"
                class="testMethodStatusPASS testMethodStatusCONF">
               <td width="100%" class="firstMethodCell">
                  <a onclick="toggleDetailsVisibility('com.qtpselenium.zoho.project.testcases.LeadTest_init_byClass_PASS14_details')">init()</a>
               </td>
               <td nowrap="true">12:49:31</td>
               <td nowrap="true" align="right">0 ms
                  
               </td>
               <td nowrap="true">
                   
                  
               </td>
            </tr>
            <tr>
               <td colspan="4" class="detailsBox">
                  <div id="com.qtpselenium.zoho.project.testcases.LeadTest_init_byClass_PASS14_details"
                       class="testMethodDetails">
                     <div>
                        <b>Name: </b>init
                     </div>
                     <div>
                        <b>Signature: </b>init()[pri:0, instance:com.qtpselenium.zoho.project.testcases.LeadTest@7d70d1b1]
                     </div>
                     <div>
                        <b>Start time: </b>12:49:31
                     </div>
                     <div>
                        <b>End time: </b>12:49:31
                     </div>
                     <div>
                        <b>Duration: </b>0 ms
                        
                     </div>
                  </div>
               </td>
            </tr>
            <tr></tr>
            <tr id="com.qtpselenium.zoho.project.testcases.LeadTest_quit_byClass_PASS15_row"
                class="testMethodStatusPASS testMethodStatusCONF">
               <td width="100%" class="firstMethodCell">
                  <a onclick="toggleDetailsVisibility('com.qtpselenium.zoho.project.testcases.LeadTest_quit_byClass_PASS15_details')">quit()</a>
               </td>
               <td nowrap="true">12:49:31</td>
               <td nowrap="true" align="right">32 ms
                  
               </td>
               <td nowrap="true">
                   
                  
               </td>
            </tr>
            <tr>
               <td colspan="4" class="detailsBox">
                  <div id="com.qtpselenium.zoho.project.testcases.LeadTest_quit_byClass_PASS15_details"
                       class="testMethodDetails">
                     <div>
                        <b>Name: </b>quit
                     </div>
                     <div>
                        <b>Signature: </b>quit()[pri:0, instance:com.qtpselenium.zoho.project.testcases.LeadTest@7d70d1b1]
                     </div>
                     <div>
                        <b>Start time: </b>12:49:31
                     </div>
                     <div>
                        <b>End time: </b>12:49:31
                     </div>
                     <div>
                        <b>Duration: </b>32 ms
                        
                     </div>
                  </div>
               </td>
            </tr>
            <tr></tr>
            <tr id="com.qtpselenium.zoho.project.testcases.LeadTest_init_byClass_PASS16_row"
                class="testMethodStatusPASS testMethodStatusCONF">
               <td width="100%" class="firstMethodCell">
                  <a onclick="toggleDetailsVisibility('com.qtpselenium.zoho.project.testcases.LeadTest_init_byClass_PASS16_details')">init()</a>
               </td>
               <td nowrap="true">12:49:31</td>
               <td nowrap="true" align="right">0 ms
                  
               </td>
               <td nowrap="true">
                   
                  
               </td>
            </tr>
            <tr>
               <td colspan="4" class="detailsBox">
                  <div id="com.qtpselenium.zoho.project.testcases.LeadTest_init_byClass_PASS16_details"
                       class="testMethodDetails">
                     <div>
                        <b>Name: </b>init
                     </div>
                     <div>
                        <b>Signature: </b>init()[pri:0, instance:com.qtpselenium.zoho.project.testcases.LeadTest@7d70d1b1]
                     </div>
                     <div>
                        <b>Start time: </b>12:49:31
                     </div>
                     <div>
                        <b>End time: </b>12:49:31
                     </div>
                     <div>
                        <b>Duration: </b>0 ms
                        
                     </div>
                  </div>
               </td>
            </tr>
            <tr></tr>
            <tr id="com.qtpselenium.zoho.project.testcases.LeadTest_convertLeadTest_byClass_SKIP17_row"
                class="testMethodStatusSKIP">
               <td width="100%" class="firstMethodCell">
                  <a onclick="toggleDetailsVisibility('com.qtpselenium.zoho.project.testcases.LeadTest_convertLeadTest_byClass_SKIP17_details')">convertLeadTest({LeadLastName=Chambers, Runmode=Y, LeadCompany=CISCO, Browser=Chrome})</a>
               </td>
               <td nowrap="true">12:49:31</td>
               <td nowrap="true" align="right">1 ms
                  
               </td>
               <td nowrap="true">
                  <a onclick="toggleDetailsVisibility('com.qtpselenium.zoho.project.testcases.LeadTest_convertLeadTest_byClass_SKIP17_exception')">org.testng.SkipException: 
                     Skipping the test as runmode is N
                     
                  </a>
                   
                  
               </td>
            </tr>
            <tr>
               <td colspan="4" class="detailsBox">
                  <div id="com.qtpselenium.zoho.project.testcases.LeadTest_convertLeadTest_byClass_SKIP17_details"
                       class="testMethodDetails">
                     <div>
                        <b>Name: </b>convertLeadTest
                     </div>
                     <div>
                        <b>Signature: </b>convertLeadTest(java.util.Hashtable)[pri:2, instance:com.qtpselenium.zoho.project.testcases.LeadTest@7d70d1b1]
                     </div>
                     <div>
                        <b>Parameters: </b>
                        
                        {LeadLastName=Chambers, Runmode=Y, LeadCompany=CISCO, Browser=Chrome}
                        
                        
                     </div>
                     <div>
                        <b>Start time: </b>12:49:31
                     </div>
                     <div>
                        <b>End time: </b>12:49:31
                     </div>
                     <div>
                        <b>Duration: </b>1 ms
                        
                     </div>
                  </div>
               </td>
            </tr>
            <tr>
               <td colspan="4" class="detailsBox">
                  <div id="com.qtpselenium.zoho.project.testcases.LeadTest_convertLeadTest_byClass_SKIP17_exception"
                       class="testMethodDetails">
                     <pre style="padding: 5px; margin: 0;">org.testng.SkipException: Skipping the test as runmode is N
                        	at com.qtpselenium.zoho.project.testcases.LeadTest.convertLeadTest(LeadTest.java:59)
                        	at sun.reflect.NativeMethodAccessorImpl.invoke0(Native Method)
                        	at sun.reflect.NativeMethodAccessorImpl.invoke(NativeMethodAccessorImpl.java:62)
                        	at sun.reflect.DelegatingMethodAccessorImpl.invoke(DelegatingMethodAccessorImpl.java:43)
                        	at java.lang.reflect.Method.invoke(Method.java:498)
                        	at org.testng.internal.MethodInvocationHelper.invokeMethod(MethodInvocationHelper.java:85)
                        	at org.testng.internal.Invoker.invokeMethod(Invoker.java:639)
                        	at org.testng.internal.Invoker.invokeTestMethod(Invoker.java:816)
                        	at org.testng.internal.Invoker.invokeTestMethods(Invoker.java:1124)
                        	at org.testng.internal.TestMethodWorker.invokeTestMethods(TestMethodWorker.java:125)
                        	at org.testng.internal.TestMethodWorker.run(TestMethodWorker.java:108)
                        	at org.testng.TestRunner.privateRun(TestRunner.java:774)
                        	at org.testng.TestRunner.run(TestRunner.java:624)
                        	at org.testng.SuiteRunner.runTest(SuiteRunner.java:359)
                        	at org.testng.SuiteRunner.runSequentially(SuiteRunner.java:354)
                        	at org.testng.SuiteRunner.privateRun(SuiteRunner.java:312)
                        	at org.testng.SuiteRunner.run(SuiteRunner.java:261)
                        	at org.testng.SuiteRunnerWorker.runSuite(SuiteRunnerWorker.java:52)
                        	at org.testng.SuiteRunnerWorker.run(SuiteRunnerWorker.java:86)
                        	at org.testng.TestNG.runSuitesSequentially(TestNG.java:1215)
                        	at org.testng.TestNG.runSuitesLocally(TestNG.java:1140)
                        	at org.testng.TestNG.run(TestNG.java:1048)
                        	at org.testng.TestNG.privateMain(TestNG.java:1355)
                        	at org.testng.TestNG.main(TestNG.java:1324)
                     </pre>
                  </div>
               </td>
            </tr>
            <tr id="com.qtpselenium.zoho.project.testcases.LeadTest_quit_byClass_PASS18_row"
                class="testMethodStatusPASS testMethodStatusCONF">
               <td width="100%" class="firstMethodCell">
                  <a onclick="toggleDetailsVisibility('com.qtpselenium.zoho.project.testcases.LeadTest_quit_byClass_PASS18_details')">quit()</a>
               </td>
               <td nowrap="true">12:49:31</td>
               <td nowrap="true" align="right">18 ms
                  
               </td>
               <td nowrap="true">
                   
                  
               </td>
            </tr>
            <tr>
               <td colspan="4" class="detailsBox">
                  <div id="com.qtpselenium.zoho.project.testcases.LeadTest_quit_byClass_PASS18_details"
                       class="testMethodDetails">
                     <div>
                        <b>Name: </b>quit
                     </div>
                     <div>
                        <b>Signature: </b>quit()[pri:0, instance:com.qtpselenium.zoho.project.testcases.LeadTest@7d70d1b1]
                     </div>
                     <div>
                        <b>Start time: </b>12:49:31
                     </div>
                     <div>
                        <b>End time: </b>12:49:31
                     </div>
                     <div>
                        <b>Duration: </b>18 ms
                        
                     </div>
                  </div>
               </td>
            </tr>
            <tr></tr>
            <tr id="com.qtpselenium.zoho.project.testcases.LeadTest_convertLeadTest_byClass_SKIP19_row"
                class="testMethodStatusSKIP">
               <td width="100%" class="firstMethodCell">
                  <a onclick="toggleDetailsVisibility('com.qtpselenium.zoho.project.testcases.LeadTest_convertLeadTest_byClass_SKIP19_details')">convertLeadTest({LeadLastName=Watson, Runmode=N, LeadCompany=HP, Browser=Chrome})</a>
               </td>
               <td nowrap="true">12:49:31</td>
               <td nowrap="true" align="right">0 ms
                  
               </td>
               <td nowrap="true">
                  <a onclick="toggleDetailsVisibility('com.qtpselenium.zoho.project.testcases.LeadTest_convertLeadTest_byClass_SKIP19_exception')">org.testng.SkipException: 
                     Skipping the test as runmode is N
                     
                  </a>
                   
                  
               </td>
            </tr>
            <tr>
               <td colspan="4" class="detailsBox">
                  <div id="com.qtpselenium.zoho.project.testcases.LeadTest_convertLeadTest_byClass_SKIP19_details"
                       class="testMethodDetails">
                     <div>
                        <b>Name: </b>convertLeadTest
                     </div>
                     <div>
                        <b>Signature: </b>convertLeadTest(java.util.Hashtable)[pri:2, instance:com.qtpselenium.zoho.project.testcases.LeadTest@7d70d1b1]
                     </div>
                     <div>
                        <b>Parameters: </b>
                        
                        {LeadLastName=Watson, Runmode=N, LeadCompany=HP, Browser=Chrome}
                        
                        
                     </div>
                     <div>
                        <b>Start time: </b>12:49:31
                     </div>
                     <div>
                        <b>End time: </b>12:49:31
                     </div>
                     <div>
                        <b>Duration: </b>0 ms
                        
                     </div>
                  </div>
               </td>
            </tr>
            <tr>
               <td colspan="4" class="detailsBox">
                  <div id="com.qtpselenium.zoho.project.testcases.LeadTest_convertLeadTest_byClass_SKIP19_exception"
                       class="testMethodDetails">
                     <pre style="padding: 5px; margin: 0;">org.testng.SkipException: Skipping the test as runmode is N
                        	at com.qtpselenium.zoho.project.testcases.LeadTest.convertLeadTest(LeadTest.java:59)
                        	at sun.reflect.NativeMethodAccessorImpl.invoke0(Native Method)
                        	at sun.reflect.NativeMethodAccessorImpl.invoke(NativeMethodAccessorImpl.java:62)
                        	at sun.reflect.DelegatingMethodAccessorImpl.invoke(DelegatingMethodAccessorImpl.java:43)
                        	at java.lang.reflect.Method.invoke(Method.java:498)
                        	at org.testng.internal.MethodInvocationHelper.invokeMethod(MethodInvocationHelper.java:85)
                        	at org.testng.internal.Invoker.invokeMethod(Invoker.java:639)
                        	at org.testng.internal.Invoker.invokeTestMethod(Invoker.java:816)
                        	at org.testng.internal.Invoker.invokeTestMethods(Invoker.java:1124)
                        	at org.testng.internal.TestMethodWorker.invokeTestMethods(TestMethodWorker.java:125)
                        	at org.testng.internal.TestMethodWorker.run(TestMethodWorker.java:108)
                        	at org.testng.TestRunner.privateRun(TestRunner.java:774)
                        	at org.testng.TestRunner.run(TestRunner.java:624)
                        	at org.testng.SuiteRunner.runTest(SuiteRunner.java:359)
                        	at org.testng.SuiteRunner.runSequentially(SuiteRunner.java:354)
                        	at org.testng.SuiteRunner.privateRun(SuiteRunner.java:312)
                        	at org.testng.SuiteRunner.run(SuiteRunner.java:261)
                        	at org.testng.SuiteRunnerWorker.runSuite(SuiteRunnerWorker.java:52)
                        	at org.testng.SuiteRunnerWorker.run(SuiteRunnerWorker.java:86)
                        	at org.testng.TestNG.runSuitesSequentially(TestNG.java:1215)
                        	at org.testng.TestNG.runSuitesLocally(TestNG.java:1140)
                        	at org.testng.TestNG.run(TestNG.java:1048)
                        	at org.testng.TestNG.privateMain(TestNG.java:1355)
                        	at org.testng.TestNG.main(TestNG.java:1324)
                     </pre>
                  </div>
               </td>
            </tr>
            <tr id="com.qtpselenium.zoho.project.testcases.LeadTest_quit_byClass_PASS20_row"
                class="testMethodStatusPASS testMethodStatusCONF">
               <td width="100%" class="firstMethodCell">
                  <a onclick="toggleDetailsVisibility('com.qtpselenium.zoho.project.testcases.LeadTest_quit_byClass_PASS20_details')">quit()</a>
               </td>
               <td nowrap="true">12:49:31</td>
               <td nowrap="true" align="right">19 ms
                  
               </td>
               <td nowrap="true">
                   
                  
               </td>
            </tr>
            <tr>
               <td colspan="4" class="detailsBox">
                  <div id="com.qtpselenium.zoho.project.testcases.LeadTest_quit_byClass_PASS20_details"
                       class="testMethodDetails">
                     <div>
                        <b>Name: </b>quit
                     </div>
                     <div>
                        <b>Signature: </b>quit()[pri:0, instance:com.qtpselenium.zoho.project.testcases.LeadTest@7d70d1b1]
                     </div>
                     <div>
                        <b>Start time: </b>12:49:31
                     </div>
                     <div>
                        <b>End time: </b>12:49:31
                     </div>
                     <div>
                        <b>Duration: </b>19 ms
                        
                     </div>
                  </div>
               </td>
            </tr>
            <tr></tr>
            <tr id="com.qtpselenium.zoho.project.testcases.LeadTest_init_byClass_PASS21_row"
                class="testMethodStatusPASS testMethodStatusCONF">
               <td width="100%" class="firstMethodCell">
                  <a onclick="toggleDetailsVisibility('com.qtpselenium.zoho.project.testcases.LeadTest_init_byClass_PASS21_details')">init()</a>
               </td>
               <td nowrap="true">12:49:31</td>
               <td nowrap="true" align="right">0 ms
                  
               </td>
               <td nowrap="true">
                   
                  
               </td>
            </tr>
            <tr>
               <td colspan="4" class="detailsBox">
                  <div id="com.qtpselenium.zoho.project.testcases.LeadTest_init_byClass_PASS21_details"
                       class="testMethodDetails">
                     <div>
                        <b>Name: </b>init
                     </div>
                     <div>
                        <b>Signature: </b>init()[pri:0, instance:com.qtpselenium.zoho.project.testcases.LeadTest@7d70d1b1]
                     </div>
                     <div>
                        <b>Start time: </b>12:49:31
                     </div>
                     <div>
                        <b>End time: </b>12:49:31
                     </div>
                     <div>
                        <b>Duration: </b>0 ms
                        
                     </div>
                  </div>
               </td>
            </tr>
            <tr></tr>
            <tr id="com.qtpselenium.zoho.project.testcases.LeadTest_init_byClass_PASS22_row"
                class="testMethodStatusPASS testMethodStatusCONF">
               <td width="100%" class="firstMethodCell">
                  <a onclick="toggleDetailsVisibility('com.qtpselenium.zoho.project.testcases.LeadTest_init_byClass_PASS22_details')">init()</a>
               </td>
               <td nowrap="true">12:49:31</td>
               <td nowrap="true" align="right">1 ms
                  
               </td>
               <td nowrap="true">
                   
                  
               </td>
            </tr>
            <tr>
               <td colspan="4" class="detailsBox">
                  <div id="com.qtpselenium.zoho.project.testcases.LeadTest_init_byClass_PASS22_details"
                       class="testMethodDetails">
                     <div>
                        <b>Name: </b>init
                     </div>
                     <div>
                        <b>Signature: </b>init()[pri:0, instance:com.qtpselenium.zoho.project.testcases.LeadTest@7d70d1b1]
                     </div>
                     <div>
                        <b>Start time: </b>12:49:31
                     </div>
                     <div>
                        <b>End time: </b>12:49:31
                     </div>
                     <div>
                        <b>Duration: </b>1 ms
                        
                     </div>
                  </div>
               </td>
            </tr>
            <tr></tr>
            <tr id="com.qtpselenium.zoho.project.testcases.LeadTest_quit_byClass_PASS23_row"
                class="testMethodStatusPASS testMethodStatusCONF">
               <td width="100%" class="firstMethodCell">
                  <a onclick="toggleDetailsVisibility('com.qtpselenium.zoho.project.testcases.LeadTest_quit_byClass_PASS23_details')">quit()</a>
               </td>
               <td nowrap="true">12:49:31</td>
               <td nowrap="true" align="right">21 ms
                  
               </td>
               <td nowrap="true">
                   
                  
               </td>
            </tr>
            <tr>
               <td colspan="4" class="detailsBox">
                  <div id="com.qtpselenium.zoho.project.testcases.LeadTest_quit_byClass_PASS23_details"
                       class="testMethodDetails">
                     <div>
                        <b>Name: </b>quit
                     </div>
                     <div>
                        <b>Signature: </b>quit()[pri:0, instance:com.qtpselenium.zoho.project.testcases.LeadTest@7d70d1b1]
                     </div>
                     <div>
                        <b>Start time: </b>12:49:31
                     </div>
                     <div>
                        <b>End time: </b>12:49:31
                     </div>
                     <div>
                        <b>Duration: </b>21 ms
                        
                     </div>
                  </div>
               </td>
            </tr>
            <tr></tr>
            <tr id="com.qtpselenium.zoho.project.testcases.LeadTest_convertLeadTest_byClass_SKIP24_row"
                class="testMethodStatusSKIP">
               <td width="100%" class="firstMethodCell">
                  <a onclick="toggleDetailsVisibility('com.qtpselenium.zoho.project.testcases.LeadTest_convertLeadTest_byClass_SKIP24_details')">convertLeadTest({LeadLastName=Sharma, Runmode=N, LeadCompany=Lenovo, Browser=Chrome})</a>
               </td>
               <td nowrap="true">12:49:31</td>
               <td nowrap="true" align="right">0 ms
                  
               </td>
               <td nowrap="true">
                  <a onclick="toggleDetailsVisibility('com.qtpselenium.zoho.project.testcases.LeadTest_convertLeadTest_byClass_SKIP24_exception')">org.testng.SkipException: 
                     Skipping the test as runmode is N
                     
                  </a>
                   
                  
               </td>
            </tr>
            <tr>
               <td colspan="4" class="detailsBox">
                  <div id="com.qtpselenium.zoho.project.testcases.LeadTest_convertLeadTest_byClass_SKIP24_details"
                       class="testMethodDetails">
                     <div>
                        <b>Name: </b>convertLeadTest
                     </div>
                     <div>
                        <b>Signature: </b>convertLeadTest(java.util.Hashtable)[pri:2, instance:com.qtpselenium.zoho.project.testcases.LeadTest@7d70d1b1]
                     </div>
                     <div>
                        <b>Parameters: </b>
                        
                        {LeadLastName=Sharma, Runmode=N, LeadCompany=Lenovo, Browser=Chrome}
                        
                        
                     </div>
                     <div>
                        <b>Start time: </b>12:49:31
                     </div>
                     <div>
                        <b>End time: </b>12:49:31
                     </div>
                     <div>
                        <b>Duration: </b>0 ms
                        
                     </div>
                  </div>
               </td>
            </tr>
            <tr>
               <td colspan="4" class="detailsBox">
                  <div id="com.qtpselenium.zoho.project.testcases.LeadTest_convertLeadTest_byClass_SKIP24_exception"
                       class="testMethodDetails">
                     <pre style="padding: 5px; margin: 0;">org.testng.SkipException: Skipping the test as runmode is N
                        	at com.qtpselenium.zoho.project.testcases.LeadTest.convertLeadTest(LeadTest.java:59)
                        	at sun.reflect.NativeMethodAccessorImpl.invoke0(Native Method)
                        	at sun.reflect.NativeMethodAccessorImpl.invoke(NativeMethodAccessorImpl.java:62)
                        	at sun.reflect.DelegatingMethodAccessorImpl.invoke(DelegatingMethodAccessorImpl.java:43)
                        	at java.lang.reflect.Method.invoke(Method.java:498)
                        	at org.testng.internal.MethodInvocationHelper.invokeMethod(MethodInvocationHelper.java:85)
                        	at org.testng.internal.Invoker.invokeMethod(Invoker.java:639)
                        	at org.testng.internal.Invoker.invokeTestMethod(Invoker.java:816)
                        	at org.testng.internal.Invoker.invokeTestMethods(Invoker.java:1124)
                        	at org.testng.internal.TestMethodWorker.invokeTestMethods(TestMethodWorker.java:125)
                        	at org.testng.internal.TestMethodWorker.run(TestMethodWorker.java:108)
                        	at org.testng.TestRunner.privateRun(TestRunner.java:774)
                        	at org.testng.TestRunner.run(TestRunner.java:624)
                        	at org.testng.SuiteRunner.runTest(SuiteRunner.java:359)
                        	at org.testng.SuiteRunner.runSequentially(SuiteRunner.java:354)
                        	at org.testng.SuiteRunner.privateRun(SuiteRunner.java:312)
                        	at org.testng.SuiteRunner.run(SuiteRunner.java:261)
                        	at org.testng.SuiteRunnerWorker.runSuite(SuiteRunnerWorker.java:52)
                        	at org.testng.SuiteRunnerWorker.run(SuiteRunnerWorker.java:86)
                        	at org.testng.TestNG.runSuitesSequentially(TestNG.java:1215)
                        	at org.testng.TestNG.runSuitesLocally(TestNG.java:1140)
                        	at org.testng.TestNG.run(TestNG.java:1048)
                        	at org.testng.TestNG.privateMain(TestNG.java:1355)
                        	at org.testng.TestNG.main(TestNG.java:1324)
                     </pre>
                  </div>
               </td>
            </tr>
            <tr id="com.qtpselenium.zoho.project.testcases.LeadTest_deleteLeadAccountTest_byClass_SKIP25_row"
                class="testMethodStatusSKIP">
               <td width="100%" class="firstMethodCell">
                  <a onclick="toggleDetailsVisibility('com.qtpselenium.zoho.project.testcases.LeadTest_deleteLeadAccountTest_byClass_SKIP25_details')">deleteLeadAccountTest({LeadLastName=Chambers, Runmode=N, LeadCompany=CISCO, Browser=Chrome})</a>
               </td>
               <td nowrap="true">12:49:31</td>
               <td nowrap="true" align="right">0 ms
                  
               </td>
               <td nowrap="true">
                  <a onclick="toggleDetailsVisibility('com.qtpselenium.zoho.project.testcases.LeadTest_deleteLeadAccountTest_byClass_SKIP25_exception')">org.testng.SkipException: 
                     Skipping the test as runmode is N
                     
                  </a>
                   
                  
               </td>
            </tr>
            <tr>
               <td colspan="4" class="detailsBox">
                  <div id="com.qtpselenium.zoho.project.testcases.LeadTest_deleteLeadAccountTest_byClass_SKIP25_details"
                       class="testMethodDetails">
                     <div>
                        <b>Name: </b>deleteLeadAccountTest
                     </div>
                     <div>
                        <b>Signature: </b>deleteLeadAccountTest(java.util.Hashtable)[pri:3, instance:com.qtpselenium.zoho.project.testcases.LeadTest@7d70d1b1]
                     </div>
                     <div>
                        <b>Parameters: </b>
                        
                        {LeadLastName=Chambers, Runmode=N, LeadCompany=CISCO, Browser=Chrome}
                        
                        
                     </div>
                     <div>
                        <b>Start time: </b>12:49:31
                     </div>
                     <div>
                        <b>End time: </b>12:49:31
                     </div>
                     <div>
                        <b>Duration: </b>0 ms
                        
                     </div>
                  </div>
               </td>
            </tr>
            <tr>
               <td colspan="4" class="detailsBox">
                  <div id="com.qtpselenium.zoho.project.testcases.LeadTest_deleteLeadAccountTest_byClass_SKIP25_exception"
                       class="testMethodDetails">
                     <pre style="padding: 5px; margin: 0;">org.testng.SkipException: Skipping the test as runmode is N
                        	at com.qtpselenium.zoho.project.testcases.LeadTest.deleteLeadAccountTest(LeadTest.java:91)
                        	at sun.reflect.NativeMethodAccessorImpl.invoke0(Native Method)
                        	at sun.reflect.NativeMethodAccessorImpl.invoke(NativeMethodAccessorImpl.java:62)
                        	at sun.reflect.DelegatingMethodAccessorImpl.invoke(DelegatingMethodAccessorImpl.java:43)
                        	at java.lang.reflect.Method.invoke(Method.java:498)
                        	at org.testng.internal.MethodInvocationHelper.invokeMethod(MethodInvocationHelper.java:85)
                        	at org.testng.internal.Invoker.invokeMethod(Invoker.java:639)
                        	at org.testng.internal.Invoker.invokeTestMethod(Invoker.java:816)
                        	at org.testng.internal.Invoker.invokeTestMethods(Invoker.java:1124)
                        	at org.testng.internal.TestMethodWorker.invokeTestMethods(TestMethodWorker.java:125)
                        	at org.testng.internal.TestMethodWorker.run(TestMethodWorker.java:108)
                        	at org.testng.TestRunner.privateRun(TestRunner.java:774)
                        	at org.testng.TestRunner.run(TestRunner.java:624)
                        	at org.testng.SuiteRunner.runTest(SuiteRunner.java:359)
                        	at org.testng.SuiteRunner.runSequentially(SuiteRunner.java:354)
                        	at org.testng.SuiteRunner.privateRun(SuiteRunner.java:312)
                        	at org.testng.SuiteRunner.run(SuiteRunner.java:261)
                        	at org.testng.SuiteRunnerWorker.runSuite(SuiteRunnerWorker.java:52)
                        	at org.testng.SuiteRunnerWorker.run(SuiteRunnerWorker.java:86)
                        	at org.testng.TestNG.runSuitesSequentially(TestNG.java:1215)
                        	at org.testng.TestNG.runSuitesLocally(TestNG.java:1140)
                        	at org.testng.TestNG.run(TestNG.java:1048)
                        	at org.testng.TestNG.privateMain(TestNG.java:1355)
                        	at org.testng.TestNG.main(TestNG.java:1324)
                     </pre>
                  </div>
               </td>
            </tr>
            <tr id="com.qtpselenium.zoho.project.testcases.LeadTest_quit_byClass_PASS26_row"
                class="testMethodStatusPASS testMethodStatusCONF">
               <td width="100%" class="firstMethodCell">
                  <a onclick="toggleDetailsVisibility('com.qtpselenium.zoho.project.testcases.LeadTest_quit_byClass_PASS26_details')">quit()</a>
               </td>
               <td nowrap="true">12:49:31</td>
               <td nowrap="true" align="right">18 ms
                  
               </td>
               <td nowrap="true">
                   
                  
               </td>
            </tr>
            <tr>
               <td colspan="4" class="detailsBox">
                  <div id="com.qtpselenium.zoho.project.testcases.LeadTest_quit_byClass_PASS26_details"
                       class="testMethodDetails">
                     <div>
                        <b>Name: </b>quit
                     </div>
                     <div>
                        <b>Signature: </b>quit()[pri:0, instance:com.qtpselenium.zoho.project.testcases.LeadTest@7d70d1b1]
                     </div>
                     <div>
                        <b>Start time: </b>12:49:31
                     </div>
                     <div>
                        <b>End time: </b>12:49:31
                     </div>
                     <div>
                        <b>Duration: </b>18 ms
                        
                     </div>
                  </div>
               </td>
            </tr>
            <tr></tr>
            <tr id="com.qtpselenium.zoho.project.testcases.LeadTest_init_byClass_PASS27_row"
                class="testMethodStatusPASS testMethodStatusCONF">
               <td width="100%" class="firstMethodCell">
                  <a onclick="toggleDetailsVisibility('com.qtpselenium.zoho.project.testcases.LeadTest_init_byClass_PASS27_details')">init()</a>
               </td>
               <td nowrap="true">12:49:31</td>
               <td nowrap="true" align="right">0 ms
                  
               </td>
               <td nowrap="true">
                   
                  
               </td>
            </tr>
            <tr>
               <td colspan="4" class="detailsBox">
                  <div id="com.qtpselenium.zoho.project.testcases.LeadTest_init_byClass_PASS27_details"
                       class="testMethodDetails">
                     <div>
                        <b>Name: </b>init
                     </div>
                     <div>
                        <b>Signature: </b>init()[pri:0, instance:com.qtpselenium.zoho.project.testcases.LeadTest@7d70d1b1]
                     </div>
                     <div>
                        <b>Start time: </b>12:49:31
                     </div>
                     <div>
                        <b>End time: </b>12:49:31
                     </div>
                     <div>
                        <b>Duration: </b>0 ms
                        
                     </div>
                  </div>
               </td>
            </tr>
            <tr></tr>
            <tr id="com.qtpselenium.zoho.project.testcases.LeadTest_deleteLeadAccountTest_byClass_SKIP28_row"
                class="testMethodStatusSKIP">
               <td width="100%" class="firstMethodCell">
                  <a onclick="toggleDetailsVisibility('com.qtpselenium.zoho.project.testcases.LeadTest_deleteLeadAccountTest_byClass_SKIP28_details')">deleteLeadAccountTest({LeadLastName=Kohli, Runmode=Y, LeadCompany=Samsung, Browser=Chrome})</a>
               </td>
               <td nowrap="true">12:49:31</td>
               <td nowrap="true" align="right">1 ms
                  
               </td>
               <td nowrap="true">
                  <a onclick="toggleDetailsVisibility('com.qtpselenium.zoho.project.testcases.LeadTest_deleteLeadAccountTest_byClass_SKIP28_exception')">org.testng.SkipException: 
                     Skipping the test as runmode is N
                     
                  </a>
                   
                  
               </td>
            </tr>
            <tr>
               <td colspan="4" class="detailsBox">
                  <div id="com.qtpselenium.zoho.project.testcases.LeadTest_deleteLeadAccountTest_byClass_SKIP28_details"
                       class="testMethodDetails">
                     <div>
                        <b>Name: </b>deleteLeadAccountTest
                     </div>
                     <div>
                        <b>Signature: </b>deleteLeadAccountTest(java.util.Hashtable)[pri:3, instance:com.qtpselenium.zoho.project.testcases.LeadTest@7d70d1b1]
                     </div>
                     <div>
                        <b>Parameters: </b>
                        
                        {LeadLastName=Kohli, Runmode=Y, LeadCompany=Samsung, Browser=Chrome}
                        
                        
                     </div>
                     <div>
                        <b>Start time: </b>12:49:31
                     </div>
                     <div>
                        <b>End time: </b>12:49:31
                     </div>
                     <div>
                        <b>Duration: </b>1 ms
                        
                     </div>
                  </div>
               </td>
            </tr>
            <tr>
               <td colspan="4" class="detailsBox">
                  <div id="com.qtpselenium.zoho.project.testcases.LeadTest_deleteLeadAccountTest_byClass_SKIP28_exception"
                       class="testMethodDetails">
                     <pre style="padding: 5px; margin: 0;">org.testng.SkipException: Skipping the test as runmode is N
                        	at com.qtpselenium.zoho.project.testcases.LeadTest.deleteLeadAccountTest(LeadTest.java:91)
                        	at sun.reflect.NativeMethodAccessorImpl.invoke0(Native Method)
                        	at sun.reflect.NativeMethodAccessorImpl.invoke(NativeMethodAccessorImpl.java:62)
                        	at sun.reflect.DelegatingMethodAccessorImpl.invoke(DelegatingMethodAccessorImpl.java:43)
                        	at java.lang.reflect.Method.invoke(Method.java:498)
                        	at org.testng.internal.MethodInvocationHelper.invokeMethod(MethodInvocationHelper.java:85)
                        	at org.testng.internal.Invoker.invokeMethod(Invoker.java:639)
                        	at org.testng.internal.Invoker.invokeTestMethod(Invoker.java:816)
                        	at org.testng.internal.Invoker.invokeTestMethods(Invoker.java:1124)
                        	at org.testng.internal.TestMethodWorker.invokeTestMethods(TestMethodWorker.java:125)
                        	at org.testng.internal.TestMethodWorker.run(TestMethodWorker.java:108)
                        	at org.testng.TestRunner.privateRun(TestRunner.java:774)
                        	at org.testng.TestRunner.run(TestRunner.java:624)
                        	at org.testng.SuiteRunner.runTest(SuiteRunner.java:359)
                        	at org.testng.SuiteRunner.runSequentially(SuiteRunner.java:354)
                        	at org.testng.SuiteRunner.privateRun(SuiteRunner.java:312)
                        	at org.testng.SuiteRunner.run(SuiteRunner.java:261)
                        	at org.testng.SuiteRunnerWorker.runSuite(SuiteRunnerWorker.java:52)
                        	at org.testng.SuiteRunnerWorker.run(SuiteRunnerWorker.java:86)
                        	at org.testng.TestNG.runSuitesSequentially(TestNG.java:1215)
                        	at org.testng.TestNG.runSuitesLocally(TestNG.java:1140)
                        	at org.testng.TestNG.run(TestNG.java:1048)
                        	at org.testng.TestNG.privateMain(TestNG.java:1355)
                        	at org.testng.TestNG.main(TestNG.java:1324)
                     </pre>
                  </div>
               </td>
            </tr>
            <tr id="com.qtpselenium.zoho.project.testcases.LeadTest_init_byClass_PASS29_row"
                class="testMethodStatusPASS testMethodStatusCONF">
               <td width="100%" class="firstMethodCell">
                  <a onclick="toggleDetailsVisibility('com.qtpselenium.zoho.project.testcases.LeadTest_init_byClass_PASS29_details')">init()</a>
               </td>
               <td nowrap="true">12:49:31</td>
               <td nowrap="true" align="right">0 ms
                  
               </td>
               <td nowrap="true">
                   
                  
               </td>
            </tr>
            <tr>
               <td colspan="4" class="detailsBox">
                  <div id="com.qtpselenium.zoho.project.testcases.LeadTest_init_byClass_PASS29_details"
                       class="testMethodDetails">
                     <div>
                        <b>Name: </b>init
                     </div>
                     <div>
                        <b>Signature: </b>init()[pri:0, instance:com.qtpselenium.zoho.project.testcases.LeadTest@7d70d1b1]
                     </div>
                     <div>
                        <b>Start time: </b>12:49:31
                     </div>
                     <div>
                        <b>End time: </b>12:49:31
                     </div>
                     <div>
                        <b>Duration: </b>0 ms
                        
                     </div>
                  </div>
               </td>
            </tr>
            <tr></tr>
            <tr id="com.qtpselenium.zoho.project.testcases.LeadTest_quit_byClass_PASS30_row"
                class="testMethodStatusPASS testMethodStatusCONF">
               <td width="100%" class="firstMethodCell">
                  <a onclick="toggleDetailsVisibility('com.qtpselenium.zoho.project.testcases.LeadTest_quit_byClass_PASS30_details')">quit()</a>
               </td>
               <td nowrap="true">12:49:31</td>
               <td nowrap="true" align="right">20 ms
                  
               </td>
               <td nowrap="true">
                   
                  
               </td>
            </tr>
            <tr>
               <td colspan="4" class="detailsBox">
                  <div id="com.qtpselenium.zoho.project.testcases.LeadTest_quit_byClass_PASS30_details"
                       class="testMethodDetails">
                     <div>
                        <b>Name: </b>quit
                     </div>
                     <div>
                        <b>Signature: </b>quit()[pri:0, instance:com.qtpselenium.zoho.project.testcases.LeadTest@7d70d1b1]
                     </div>
                     <div>
                        <b>Start time: </b>12:49:31
                     </div>
                     <div>
                        <b>End time: </b>12:49:31
                     </div>
                     <div>
                        <b>Duration: </b>20 ms
                        
                     </div>
                  </div>
               </td>
            </tr>
            <tr></tr>
         </table>
         <br></br>
      </div>
      <div style="margin-top: 15px; color: gray; text-align: center; font-size: 9px;">
         Generated with
         
         <a href="http://code.google.com/p/testng-xslt/" style="color: #8888aa;"
            target="_blank">
            TestNG XSLT
            
         </a>
      </div>
   </body>
</html>